14:29:05.465  [main] INFO  com.swagLabs.utilities.LogUtils - Clicked successfully: Proxy element for: DefaultElementLocator 'By.xpath: //input[@data-test='login-button']'
14:29:08.475  [main] INFO  com.swagLabs.utilities.LogUtils - Logged in Successfully!
14:29:08.698  [main] INFO  com.swagLabs.utilities.LogUtils - Scrolled to the element: [[ChromeDriver: chrome on windows (d731e825d35b59dee755542d67c6323c)] -> xpath: //button[text()='Add to cart']]
14:29:08.723  [main] INFO  com.swagLabs.utilities.LogUtils - Element is clickable: [[ChromeDriver: chrome on windows (d731e825d35b59dee755542d67c6323c)] -> xpath: //button[text()='Add to cart']]
14:29:08.846  [main] INFO  com.swagLabs.utilities.LogUtils - Clicked successfully: [[ChromeDriver: chrome on windows (d731e825d35b59dee755542d67c6323c)] -> xpath: //button[text()='Add to cart']]
14:29:08.847  [main] INFO  com.swagLabs.utilities.LogUtils - Clicked successfully on element at index 5: [[ChromeDriver: chrome on windows (d731e825d35b59dee755542d67c6323c)] -> xpath: //button[text()='Add to cart']]
14:29:08.900  [main] INFO  com.swagLabs.utilities.LogUtils - Scrolled to the element: [[ChromeDriver: chrome on windows (d731e825d35b59dee755542d67c6323c)] -> xpath: //button[text()='Add to cart']]
14:29:08.936  [main] INFO  com.swagLabs.utilities.LogUtils - Element is clickable: [[ChromeDriver: chrome on windows (d731e825d35b59dee755542d67c6323c)] -> xpath: //button[text()='Add to cart']]
14:29:09.077  [main] INFO  com.swagLabs.utilities.LogUtils - Clicked successfully: [[ChromeDriver: chrome on windows (d731e825d35b59dee755542d67c6323c)] -> xpath: //button[text()='Add to cart']]
14:29:09.077  [main] INFO  com.swagLabs.utilities.LogUtils - Clicked successfully on element at index 4: [[ChromeDriver: chrome on windows (d731e825d35b59dee755542d67c6323c)] -> xpath: //button[text()='Add to cart']]
14:29:09.118  [main] INFO  com.swagLabs.utilities.LogUtils - Scrolled to the element: [[ChromeDriver: chrome on windows (d731e825d35b59dee755542d67c6323c)] -> xpath: //button[text()='Add to cart']]
14:29:09.150  [main] INFO  com.swagLabs.utilities.LogUtils - Element is clickable: [[ChromeDriver: chrome on windows (d731e825d35b59dee755542d67c6323c)] -> xpath: //button[text()='Add to cart']]
14:29:09.274  [main] INFO  com.swagLabs.utilities.LogUtils - Clicked successfully: [[ChromeDriver: chrome on windows (d731e825d35b59dee755542d67c6323c)] -> xpath: //button[text()='Add to cart']]
14:29:09.274  [main] INFO  com.swagLabs.utilities.LogUtils - Clicked successfully on element at index 3: [[ChromeDriver: chrome on windows (d731e825d35b59dee755542d67c6323c)] -> xpath: //button[text()='Add to cart']]
14:29:09.302  [main] INFO  com.swagLabs.utilities.LogUtils - Scrolled to the element: [[ChromeDriver: chrome on windows (d731e825d35b59dee755542d67c6323c)] -> xpath: //button[text()='Add to cart']]
14:29:09.333  [main] INFO  com.swagLabs.utilities.LogUtils - Element is clickable: [[ChromeDriver: chrome on windows (d731e825d35b59dee755542d67c6323c)] -> xpath: //button[text()='Add to cart']]
14:29:09.444  [main] INFO  com.swagLabs.utilities.LogUtils - Clicked successfully: [[ChromeDriver: chrome on windows (d731e825d35b59dee755542d67c6323c)] -> xpath: //button[text()='Add to cart']]
14:29:09.444  [main] INFO  com.swagLabs.utilities.LogUtils - Clicked successfully on element at index 2: [[ChromeDriver: chrome on windows (d731e825d35b59dee755542d67c6323c)] -> xpath: //button[text()='Add to cart']]
14:29:09.494  [main] INFO  com.swagLabs.utilities.LogUtils - Scrolled to the element: [[ChromeDriver: chrome on windows (d731e825d35b59dee755542d67c6323c)] -> xpath: //button[text()='Add to cart']]
14:29:09.528  [main] INFO  com.swagLabs.utilities.LogUtils - Element is clickable: [[ChromeDriver: chrome on windows (d731e825d35b59dee755542d67c6323c)] -> xpath: //button[text()='Add to cart']]
14:29:09.645  [main] INFO  com.swagLabs.utilities.LogUtils - Clicked successfully: [[ChromeDriver: chrome on windows (d731e825d35b59dee755542d67c6323c)] -> xpath: //button[text()='Add to cart']]
14:29:09.645  [main] INFO  com.swagLabs.utilities.LogUtils - Clicked successfully on element at index 1: [[ChromeDriver: chrome on windows (d731e825d35b59dee755542d67c6323c)] -> xpath: //button[text()='Add to cart']]
14:29:09.677  [main] INFO  com.swagLabs.utilities.LogUtils - Scrolled to the element: [[ChromeDriver: chrome on windows (d731e825d35b59dee755542d67c6323c)] -> xpath: //button[text()='Add to cart']]
14:29:09.714  [main] INFO  com.swagLabs.utilities.LogUtils - Element is clickable: [[ChromeDriver: chrome on windows (d731e825d35b59dee755542d67c6323c)] -> xpath: //button[text()='Add to cart']]
14:29:09.845  [main] INFO  com.swagLabs.utilities.LogUtils - Clicked successfully: [[ChromeDriver: chrome on windows (d731e825d35b59dee755542d67c6323c)] -> xpath: //button[text()='Add to cart']]
14:29:09.845  [main] INFO  com.swagLabs.utilities.LogUtils - Clicked successfully on element at index 0: [[ChromeDriver: chrome on windows (d731e825d35b59dee755542d67c6323c)] -> xpath: //button[text()='Add to cart']]
14:29:14.860  [main] INFO  com.swagLabs.utilities.LogUtils - Added all products to the cart.
14:29:15.050  [main] INFO  com.swagLabs.utilities.LogUtils - Element is clickable: [[ChromeDriver: chrome on windows (d731e825d35b59dee755542d67c6323c)] -> xpath: //div[@class='shopping_cart_container']]
14:29:15.172  [main] INFO  com.swagLabs.utilities.LogUtils - Clicked successfully: [[ChromeDriver: chrome on windows (d731e825d35b59dee755542d67c6323c)] -> xpath: //div[@class='shopping_cart_container']]
14:29:18.189  [main] INFO  com.swagLabs.utilities.LogUtils - Opened open cart page.
14:29:23.380  [main] INFO  com.swagLabs.utilities.LogUtils - ***** Finished verifyUserCanAddItemToCart *****
14:29:23.380  [main] INFO  com.swagLabs.utilities.LogUtils - ********************************************
14:29:23.784  [main] DEBUG io.github.bonigarcia.wdm.WebDriverManager - Using WebDriverManager 5.9.2
14:29:23.805  [main] DEBUG io.github.bonigarcia.wdm.cache.ResolutionCache - Resolution chrome=131 in cache (valid until 14:47:21 04/01/2025 IST)
14:29:23.807  [main] DEBUG io.github.bonigarcia.wdm.cache.ResolutionCache - Resolution chrome131=131.0.6778.204 in cache (valid until 14:10:38 05/01/2025 IST)
14:29:23.807  [main] INFO  io.github.bonigarcia.wdm.WebDriverManager - Using chromedriver 131.0.6778.204 (resolved driver for Chrome 131)
14:29:23.848  [main] DEBUG io.github.bonigarcia.wdm.WebDriverManager - Driver chromedriver 131.0.6778.204 found in cache
14:29:23.849  [main] INFO  io.github.bonigarcia.wdm.WebDriverManager - Exporting webdriver.chrome.driver as C:\Users\Admin\.cache\selenium\chromedriver\win64\131.0.6778.204\chromedriver.exe
14:29:26.258  [main] INFO  com.swagLabs.utilities.LogUtils - ********************************************************
14:29:26.258  [main] INFO  com.swagLabs.utilities.LogUtils - ***** <<<<< Starting verifyCheckoutSuccessMessage >>>>> *****
14:29:26.261  [main] INFO  com.swagLabs.utilities.LogUtils - Opened login page.
14:29:26.492  [main] INFO  com.swagLabs.utilities.LogUtils - Element is clickable: [[ChromeDriver: chrome on windows (c488c9f1113096a734537777437e19df)] -> xpath: //input[@data-test='username']]
14:29:26.733  [main] INFO  com.swagLabs.utilities.LogUtils - Entered '{}' into element: {}standard_user[[ChromeDriver: chrome on windows (c488c9f1113096a734537777437e19df)] -> xpath: //input[@data-test='username']]
14:29:26.801  [main] INFO  com.swagLabs.utilities.LogUtils - Element is clickable: [[ChromeDriver: chrome on windows (c488c9f1113096a734537777437e19df)] -> xpath: //input[@data-test='password']]
14:29:26.996  [main] INFO  com.swagLabs.utilities.LogUtils - Entered '{}' into element: {}secret_sauce[[ChromeDriver: chrome on windows (c488c9f1113096a734537777437e19df)] -> xpath: //input[@data-test='password']]
14:29:26.996  [main] INFO  com.swagLabs.utilities.LogUtils - Entered username and password.
14:29:27.188  [main] INFO  com.swagLabs.utilities.LogUtils - Element is clickable: [[ChromeDriver: chrome on windows (c488c9f1113096a734537777437e19df)] -> xpath: //input[@data-test='login-button']]
14:29:32.436  [main] INFO  com.swagLabs.utilities.LogUtils - Clicked successfully: Proxy element for: DefaultElementLocator 'By.xpath: //input[@data-test='login-button']'
14:29:35.446  [main] INFO  com.swagLabs.utilities.LogUtils - Logged in Successfully!
14:29:35.648  [main] INFO  com.swagLabs.utilities.LogUtils - Scrolled to the element: [[ChromeDriver: chrome on windows (c488c9f1113096a734537777437e19df)] -> xpath: //button[text()='Add to cart']]
14:29:35.670  [main] INFO  com.swagLabs.utilities.LogUtils - Element is clickable: [[ChromeDriver: chrome on windows (c488c9f1113096a734537777437e19df)] -> xpath: //button[text()='Add to cart']]
14:29:35.746  [main] INFO  com.swagLabs.utilities.LogUtils - Clicked successfully: [[ChromeDriver: chrome on windows (c488c9f1113096a734537777437e19df)] -> xpath: //button[text()='Add to cart']]
14:29:35.747  [main] INFO  com.swagLabs.utilities.LogUtils - Clicked successfully on element at index 5: [[ChromeDriver: chrome on windows (c488c9f1113096a734537777437e19df)] -> xpath: //button[text()='Add to cart']]
14:29:35.777  [main] INFO  com.swagLabs.utilities.LogUtils - Scrolled to the element: [[ChromeDriver: chrome on windows (c488c9f1113096a734537777437e19df)] -> xpath: //button[text()='Add to cart']]
14:29:35.807  [main] INFO  com.swagLabs.utilities.LogUtils - Element is clickable: [[ChromeDriver: chrome on windows (c488c9f1113096a734537777437e19df)] -> xpath: //button[text()='Add to cart']]
14:29:35.879  [main] INFO  com.swagLabs.utilities.LogUtils - Clicked successfully: [[ChromeDriver: chrome on windows (c488c9f1113096a734537777437e19df)] -> xpath: //button[text()='Add to cart']]
14:29:35.879  [main] INFO  com.swagLabs.utilities.LogUtils - Clicked successfully on element at index 4: [[ChromeDriver: chrome on windows (c488c9f1113096a734537777437e19df)] -> xpath: //button[text()='Add to cart']]
14:29:35.920  [main] INFO  com.swagLabs.utilities.LogUtils - Scrolled to the element: [[ChromeDriver: chrome on windows (c488c9f1113096a734537777437e19df)] -> xpath: //button[text()='Add to cart']]
14:29:35.943  [main] INFO  com.swagLabs.utilities.LogUtils - Element is clickable: [[ChromeDriver: chrome on windows (c488c9f1113096a734537777437e19df)] -> xpath: //button[text()='Add to cart']]
14:29:36.012  [main] INFO  com.swagLabs.utilities.LogUtils - Clicked successfully: [[ChromeDriver: chrome on windows (c488c9f1113096a734537777437e19df)] -> xpath: //button[text()='Add to cart']]
14:29:36.012  [main] INFO  com.swagLabs.utilities.LogUtils - Clicked successfully on element at index 3: [[ChromeDriver: chrome on windows (c488c9f1113096a734537777437e19df)] -> xpath: //button[text()='Add to cart']]
14:29:36.033  [main] INFO  com.swagLabs.utilities.LogUtils - Scrolled to the element: [[ChromeDriver: chrome on windows (c488c9f1113096a734537777437e19df)] -> xpath: //button[text()='Add to cart']]
14:29:36.056  [main] INFO  com.swagLabs.utilities.LogUtils - Element is clickable: [[ChromeDriver: chrome on windows (c488c9f1113096a734537777437e19df)] -> xpath: //button[text()='Add to cart']]
14:29:36.122  [main] INFO  com.swagLabs.utilities.LogUtils - Clicked successfully: [[ChromeDriver: chrome on windows (c488c9f1113096a734537777437e19df)] -> xpath: //button[text()='Add to cart']]
14:29:36.122  [main] INFO  com.swagLabs.utilities.LogUtils - Clicked successfully on element at index 2: [[ChromeDriver: chrome on windows (c488c9f1113096a734537777437e19df)] -> xpath: //button[text()='Add to cart']]
14:29:36.142  [main] INFO  com.swagLabs.utilities.LogUtils - Scrolled to the element: [[ChromeDriver: chrome on windows (c488c9f1113096a734537777437e19df)] -> xpath: //button[text()='Add to cart']]
14:29:36.164  [main] INFO  com.swagLabs.utilities.LogUtils - Element is clickable: [[ChromeDriver: chrome on windows (c488c9f1113096a734537777437e19df)] -> xpath: //button[text()='Add to cart']]
14:29:36.233  [main] INFO  com.swagLabs.utilities.LogUtils - Clicked successfully: [[ChromeDriver: chrome on windows (c488c9f1113096a734537777437e19df)] -> xpath: //button[text()='Add to cart']]
14:29:36.233  [main] INFO  com.swagLabs.utilities.LogUtils - Clicked successfully on element at index 1: [[ChromeDriver: chrome on windows (c488c9f1113096a734537777437e19df)] -> xpath: //button[text()='Add to cart']]
14:29:36.252  [main] INFO  com.swagLabs.utilities.LogUtils - Scrolled to the element: [[ChromeDriver: chrome on windows (c488c9f1113096a734537777437e19df)] -> xpath: //button[text()='Add to cart']]
14:29:36.271  [main] INFO  com.swagLabs.utilities.LogUtils - Element is clickable: [[ChromeDriver: chrome on windows (c488c9f1113096a734537777437e19df)] -> xpath: //button[text()='Add to cart']]
14:29:36.342  [main] INFO  com.swagLabs.utilities.LogUtils - Clicked successfully: [[ChromeDriver: chrome on windows (c488c9f1113096a734537777437e19df)] -> xpath: //button[text()='Add to cart']]
14:29:36.342  [main] INFO  com.swagLabs.utilities.LogUtils - Clicked successfully on element at index 0: [[ChromeDriver: chrome on windows (c488c9f1113096a734537777437e19df)] -> xpath: //button[text()='Add to cart']]
14:29:41.345  [main] INFO  com.swagLabs.utilities.LogUtils - Added all products to the cart.
14:29:41.532  [main] INFO  com.swagLabs.utilities.LogUtils - Element is clickable: [[ChromeDriver: chrome on windows (c488c9f1113096a734537777437e19df)] -> xpath: //div[@class='shopping_cart_container']]
14:29:41.654  [main] INFO  com.swagLabs.utilities.LogUtils - Clicked successfully: [[ChromeDriver: chrome on windows (c488c9f1113096a734537777437e19df)] -> xpath: //div[@class='shopping_cart_container']]
14:29:44.656  [main] INFO  com.swagLabs.utilities.LogUtils - Opened open cart page.
14:29:44.804  [main] INFO  com.swagLabs.utilities.LogUtils - Scrolled to the element: [[ChromeDriver: chrome on windows (c488c9f1113096a734537777437e19df)] -> xpath: //button[text()='Checkout']]
14:29:47.807  [main] INFO  com.swagLabs.utilities.LogUtils - Scrolled to Checkout button.
14:29:47.960  [main] INFO  com.swagLabs.utilities.LogUtils - Element is clickable: [[ChromeDriver: chrome on windows (c488c9f1113096a734537777437e19df)] -> xpath: //button[text()='Checkout']]
14:29:53.108  [main] INFO  com.swagLabs.utilities.LogUtils - Clicked successfully: Proxy element for: DefaultElementLocator 'By.xpath: //button[text()='Checkout']'
14:29:56.110  [main] INFO  com.swagLabs.utilities.LogUtils - Checkout page opened.
14:29:56.283  [main] INFO  com.swagLabs.utilities.LogUtils - Element is clickable: [[ChromeDriver: chrome on windows (c488c9f1113096a734537777437e19df)] -> xpath: //*[@id='first-name']]
14:29:56.436  [main] INFO  com.swagLabs.utilities.LogUtils - Entered '{}' into element: {}Krushna[[ChromeDriver: chrome on windows (c488c9f1113096a734537777437e19df)] -> xpath: //*[@id='first-name']]
14:29:56.493  [main] INFO  com.swagLabs.utilities.LogUtils - Element is clickable: [[ChromeDriver: chrome on windows (c488c9f1113096a734537777437e19df)] -> xpath: //*[@id='last-name']]
14:29:56.632  [main] INFO  com.swagLabs.utilities.LogUtils - Entered '{}' into element: {}Patare[[ChromeDriver: chrome on windows (c488c9f1113096a734537777437e19df)] -> xpath: //*[@id='last-name']]
14:29:56.685  [main] INFO  com.swagLabs.utilities.LogUtils - Element is clickable: [[ChromeDriver: chrome on windows (c488c9f1113096a734537777437e19df)] -> xpath: //*[@id='postal-code']]
14:29:56.830  [main] INFO  com.swagLabs.utilities.LogUtils - Entered '{}' into element: {}411016[[ChromeDriver: chrome on windows (c488c9f1113096a734537777437e19df)] -> xpath: //*[@id='postal-code']]
14:29:59.845  [main] INFO  com.swagLabs.utilities.LogUtils - Entered firstname, lastname, postalCode.
14:30:03.015  [main] INFO  com.swagLabs.utilities.LogUtils - Element is clickable: [[ChromeDriver: chrome on windows (c488c9f1113096a734537777437e19df)] -> xpath: //input[@name='continue']]
14:30:08.159  [main] INFO  com.swagLabs.utilities.LogUtils - Clicked successfully: Proxy element for: DefaultElementLocator 'By.xpath: //input[@name='continue']'
14:30:08.159  [main] INFO  com.swagLabs.utilities.LogUtils - Opened checkout complete page.
14:30:08.334  [main] INFO  com.swagLabs.utilities.LogUtils - Scrolled to the element: [[ChromeDriver: chrome on windows (c488c9f1113096a734537777437e19df)] -> xpath: //button[@data-test='finish']]
14:30:08.398  [main] INFO  com.swagLabs.utilities.LogUtils - Element is clickable: [[ChromeDriver: chrome on windows (c488c9f1113096a734537777437e19df)] -> xpath: //button[@data-test='finish']]
14:30:13.539  [main] INFO  com.swagLabs.utilities.LogUtils - Clicked successfully: Proxy element for: DefaultElementLocator 'By.xpath: //button[@data-test='finish']'
14:30:13.539  [main] INFO  com.swagLabs.utilities.LogUtils - Opened checkout success page.
14:30:13.756  [main] INFO  com.swagLabs.utilities.LogUtils - Element is clickable: [[ChromeDriver: chrome on windows (c488c9f1113096a734537777437e19df)] -> xpath: //*[@id='react-burger-menu-btn']]
14:30:13.850  [main] INFO  com.swagLabs.utilities.LogUtils - Clicked successfully: [[ChromeDriver: chrome on windows (c488c9f1113096a734537777437e19df)] -> xpath: //*[@id='react-burger-menu-btn']]
14:30:15.914  [main] INFO  com.swagLabs.utilities.LogUtils - Element is clickable: [[ChromeDriver: chrome on windows (c488c9f1113096a734537777437e19df)] -> xpath: //*[@id='logout_sidebar_link']]
14:30:21.085  [main] INFO  com.swagLabs.utilities.LogUtils - Clicked successfully: Proxy element for: DefaultElementLocator 'By.xpath: //*[@id='logout_sidebar_link']'
14:30:23.090  [main] INFO  com.swagLabs.utilities.LogUtils - ***** Finished verifyCheckoutSuccessMessage *****
14:30:23.090  [main] INFO  com.swagLabs.utilities.LogUtils - ********************************************
14:30:23.814  [main] DEBUG org.apache.poi.openxml4j.opc.PackageRelationshipCollection - Parsing relationship: /xl/_rels/workbook.xml.rels
14:30:23.819  [main] DEBUG org.apache.poi.openxml4j.opc.PackageRelationshipCollection - Parsing relationship: /xl/worksheets/_rels/sheet1.xml.rels
14:30:23.821  [main] DEBUG org.apache.poi.openxml4j.opc.PackageRelationshipCollection - Parsing relationship: /_rels/.rels
14:30:24.479  [main] DEBUG org.apache.poi.ooxml.POIXMLFactory - using default POIXMLDocumentPart for http://schemas.openxmlformats.org/officeDocument/2006/relationships/printerSettings
14:30:24.692  [main] DEBUG org.apache.poi.openxml4j.opc.PackageRelationshipCollection - Parsing relationship: /xl/_rels/workbook.xml.rels
14:30:24.694  [main] DEBUG org.apache.poi.openxml4j.opc.PackageRelationshipCollection - Parsing relationship: /xl/worksheets/_rels/sheet1.xml.rels
14:30:24.696  [main] DEBUG org.apache.poi.openxml4j.opc.PackageRelationshipCollection - Parsing relationship: /_rels/.rels
14:30:24.719  [main] DEBUG org.apache.poi.ooxml.POIXMLFactory - using default POIXMLDocumentPart for http://schemas.openxmlformats.org/officeDocument/2006/relationships/printerSettings
14:30:24.764  [main] DEBUG org.apache.poi.openxml4j.opc.PackageRelationshipCollection - Parsing relationship: /xl/_rels/workbook.xml.rels
14:30:24.766  [main] DEBUG org.apache.poi.openxml4j.opc.PackageRelationshipCollection - Parsing relationship: /xl/worksheets/_rels/sheet1.xml.rels
14:30:24.768  [main] DEBUG org.apache.poi.openxml4j.opc.PackageRelationshipCollection - Parsing relationship: /_rels/.rels
14:30:24.792  [main] DEBUG org.apache.poi.ooxml.POIXMLFactory - using default POIXMLDocumentPart for http://schemas.openxmlformats.org/officeDocument/2006/relationships/printerSettings
14:30:24.843  [main] DEBUG org.apache.poi.openxml4j.opc.PackageRelationshipCollection - Parsing relationship: /xl/_rels/workbook.xml.rels
14:30:24.845  [main] DEBUG org.apache.poi.openxml4j.opc.PackageRelationshipCollection - Parsing relationship: /xl/worksheets/_rels/sheet1.xml.rels
14:30:24.847  [main] DEBUG org.apache.poi.openxml4j.opc.PackageRelationshipCollection - Parsing relationship: /_rels/.rels
14:30:24.867  [main] DEBUG org.apache.poi.ooxml.POIXMLFactory - using default POIXMLDocumentPart for http://schemas.openxmlformats.org/officeDocument/2006/relationships/printerSettings
14:30:24.910  [main] DEBUG org.apache.poi.openxml4j.opc.PackageRelationshipCollection - Parsing relationship: /xl/_rels/workbook.xml.rels
14:30:24.912  [main] DEBUG org.apache.poi.openxml4j.opc.PackageRelationshipCollection - Parsing relationship: /xl/worksheets/_rels/sheet1.xml.rels
14:30:24.913  [main] DEBUG org.apache.poi.openxml4j.opc.PackageRelationshipCollection - Parsing relationship: /_rels/.rels
14:30:24.932  [main] DEBUG org.apache.poi.ooxml.POIXMLFactory - using default POIXMLDocumentPart for http://schemas.openxmlformats.org/officeDocument/2006/relationships/printerSettings
14:30:25.000  [main] DEBUG org.apache.poi.openxml4j.opc.PackageRelationshipCollection - Parsing relationship: /xl/_rels/workbook.xml.rels
14:30:25.003  [main] DEBUG org.apache.poi.openxml4j.opc.PackageRelationshipCollection - Parsing relationship: /xl/worksheets/_rels/sheet1.xml.rels
14:30:25.009  [main] DEBUG org.apache.poi.openxml4j.opc.PackageRelationshipCollection - Parsing relationship: /_rels/.rels
14:30:25.026  [main] DEBUG org.apache.poi.ooxml.POIXMLFactory - using default POIXMLDocumentPart for http://schemas.openxmlformats.org/officeDocument/2006/relationships/printerSettings
14:30:25.068  [main] DEBUG org.apache.poi.openxml4j.opc.PackageRelationshipCollection - Parsing relationship: /xl/_rels/workbook.xml.rels
14:30:25.069  [main] DEBUG org.apache.poi.openxml4j.opc.PackageRelationshipCollection - Parsing relationship: /xl/worksheets/_rels/sheet1.xml.rels
14:30:25.071  [main] DEBUG org.apache.poi.openxml4j.opc.PackageRelationshipCollection - Parsing relationship: /_rels/.rels
14:30:25.088  [main] DEBUG org.apache.poi.ooxml.POIXMLFactory - using default POIXMLDocumentPart for http://schemas.openxmlformats.org/officeDocument/2006/relationships/printerSettings
14:30:25.112  [main] DEBUG org.apache.poi.openxml4j.opc.PackageRelationshipCollection - Parsing relationship: /xl/_rels/workbook.xml.rels
14:30:25.114  [main] DEBUG org.apache.poi.openxml4j.opc.PackageRelationshipCollection - Parsing relationship: /xl/worksheets/_rels/sheet1.xml.rels
14:30:25.115  [main] DEBUG org.apache.poi.openxml4j.opc.PackageRelationshipCollection - Parsing relationship: /_rels/.rels
14:30:25.144  [main] DEBUG org.apache.poi.ooxml.POIXMLFactory - using default POIXMLDocumentPart for http://schemas.openxmlformats.org/officeDocument/2006/relationships/printerSettings
14:30:25.178  [main] DEBUG org.apache.poi.openxml4j.opc.PackageRelationshipCollection - Parsing relationship: /xl/_rels/workbook.xml.rels
14:30:25.182  [main] DEBUG org.apache.poi.openxml4j.opc.PackageRelationshipCollection - Parsing relationship: /xl/worksheets/_rels/sheet1.xml.rels
14:30:25.189  [main] DEBUG org.apache.poi.openxml4j.opc.PackageRelationshipCollection - Parsing relationship: /_rels/.rels
14:30:25.208  [main] DEBUG org.apache.poi.ooxml.POIXMLFactory - using default POIXMLDocumentPart for http://schemas.openxmlformats.org/officeDocument/2006/relationships/printerSettings
14:30:25.235  [main] DEBUG org.apache.poi.openxml4j.opc.PackageRelationshipCollection - Parsing relationship: /xl/_rels/workbook.xml.rels
14:30:25.236  [main] DEBUG org.apache.poi.openxml4j.opc.PackageRelationshipCollection - Parsing relationship: /xl/worksheets/_rels/sheet1.xml.rels
14:30:25.237  [main] DEBUG org.apache.poi.openxml4j.opc.PackageRelationshipCollection - Parsing relationship: /_rels/.rels
14:30:25.256  [main] DEBUG org.apache.poi.ooxml.POIXMLFactory - using default POIXMLDocumentPart for http://schemas.openxmlformats.org/officeDocument/2006/relationships/printerSettings
14:30:25.274  [main] DEBUG io.github.bonigarcia.wdm.WebDriverManager - Using WebDriverManager 5.9.2
14:30:25.303  [main] DEBUG io.github.bonigarcia.wdm.cache.ResolutionCache - Resolution chrome=131 in cache (valid until 14:47:21 04/01/2025 IST)
14:30:25.305  [main] DEBUG io.github.bonigarcia.wdm.cache.ResolutionCache - Resolution chrome131=131.0.6778.204 in cache (valid until 14:10:38 05/01/2025 IST)
14:30:25.305  [main] INFO  io.github.bonigarcia.wdm.WebDriverManager - Using chromedriver 131.0.6778.204 (resolved driver for Chrome 131)
14:30:25.338  [main] DEBUG io.github.bonigarcia.wdm.WebDriverManager - Driver chromedriver 131.0.6778.204 found in cache
14:30:25.341  [main] INFO  io.github.bonigarcia.wdm.WebDriverManager - Exporting webdriver.chrome.driver as C:\Users\Admin\.cache\selenium\chromedriver\win64\131.0.6778.204\chromedriver.exe
14:30:28.685  [main] INFO  com.swagLabs.utilities.LogUtils - ********************************************************
14:30:28.685  [main] INFO  com.swagLabs.utilities.LogUtils - ***** <<<<< Starting verifyCheckoutFunctionality >>>>> *****
14:30:28.686  [main] INFO  com.swagLabs.utilities.LogUtils - Opened login page.
14:30:28.862  [main] INFO  com.swagLabs.utilities.LogUtils - Element is clickable: [[ChromeDriver: chrome on windows (ff651079d8a5c5bf9e74aa3a94db5955)] -> xpath: //input[@data-test='username']]
14:30:29.055  [main] INFO  com.swagLabs.utilities.LogUtils - Entered '{}' into element: {}standard_user[[ChromeDriver: chrome on windows (ff651079d8a5c5bf9e74aa3a94db5955)] -> xpath: //input[@data-test='username']]
14:30:29.111  [main] INFO  com.swagLabs.utilities.LogUtils - Element is clickable: [[ChromeDriver: chrome on windows (ff651079d8a5c5bf9e74aa3a94db5955)] -> xpath: //input[@data-test='password']]
14:30:29.261  [main] INFO  com.swagLabs.utilities.LogUtils - Entered '{}' into element: {}secret_sauce[[ChromeDriver: chrome on windows (ff651079d8a5c5bf9e74aa3a94db5955)] -> xpath: //input[@data-test='password']]
14:30:29.261  [main] INFO  com.swagLabs.utilities.LogUtils - Entered username and password.
14:30:29.435  [main] INFO  com.swagLabs.utilities.LogUtils - Element is clickable: [[ChromeDriver: chrome on windows (ff651079d8a5c5bf9e74aa3a94db5955)] -> xpath: //input[@data-test='login-button']]
14:30:34.669  [main] INFO  com.swagLabs.utilities.LogUtils - Clicked successfully: Proxy element for: DefaultElementLocator 'By.xpath: //input[@data-test='login-button']'
14:30:37.678  [main] INFO  com.swagLabs.utilities.LogUtils - Logged in Successfully!
14:30:37.935  [main] INFO  com.swagLabs.utilities.LogUtils - Scrolled to the element: [[ChromeDriver: chrome on windows (ff651079d8a5c5bf9e74aa3a94db5955)] -> xpath: //button[text()='Add to cart']]
14:30:37.965  [main] INFO  com.swagLabs.utilities.LogUtils - Element is clickable: [[ChromeDriver: chrome on windows (ff651079d8a5c5bf9e74aa3a94db5955)] -> xpath: //button[text()='Add to cart']]
14:30:38.079  [main] INFO  com.swagLabs.utilities.LogUtils - Clicked successfully: [[ChromeDriver: chrome on windows (ff651079d8a5c5bf9e74aa3a94db5955)] -> xpath: //button[text()='Add to cart']]
14:30:38.079  [main] INFO  com.swagLabs.utilities.LogUtils - Clicked successfully on element at index 5: [[ChromeDriver: chrome on windows (ff651079d8a5c5bf9e74aa3a94db5955)] -> xpath: //button[text()='Add to cart']]
14:30:38.145  [main] INFO  com.swagLabs.utilities.LogUtils - Scrolled to the element: [[ChromeDriver: chrome on windows (ff651079d8a5c5bf9e74aa3a94db5955)] -> xpath: //button[text()='Add to cart']]
14:30:38.180  [main] INFO  com.swagLabs.utilities.LogUtils - Element is clickable: [[ChromeDriver: chrome on windows (ff651079d8a5c5bf9e74aa3a94db5955)] -> xpath: //button[text()='Add to cart']]
14:30:38.272  [main] INFO  com.swagLabs.utilities.LogUtils - Clicked successfully: [[ChromeDriver: chrome on windows (ff651079d8a5c5bf9e74aa3a94db5955)] -> xpath: //button[text()='Add to cart']]
14:30:38.272  [main] INFO  com.swagLabs.utilities.LogUtils - Clicked successfully on element at index 4: [[ChromeDriver: chrome on windows (ff651079d8a5c5bf9e74aa3a94db5955)] -> xpath: //button[text()='Add to cart']]
14:30:38.309  [main] INFO  com.swagLabs.utilities.LogUtils - Scrolled to the element: [[ChromeDriver: chrome on windows (ff651079d8a5c5bf9e74aa3a94db5955)] -> xpath: //button[text()='Add to cart']]
14:30:38.338  [main] INFO  com.swagLabs.utilities.LogUtils - Element is clickable: [[ChromeDriver: chrome on windows (ff651079d8a5c5bf9e74aa3a94db5955)] -> xpath: //button[text()='Add to cart']]
14:30:38.458  [main] INFO  com.swagLabs.utilities.LogUtils - Clicked successfully: [[ChromeDriver: chrome on windows (ff651079d8a5c5bf9e74aa3a94db5955)] -> xpath: //button[text()='Add to cart']]
14:30:38.458  [main] INFO  com.swagLabs.utilities.LogUtils - Clicked successfully on element at index 3: [[ChromeDriver: chrome on windows (ff651079d8a5c5bf9e74aa3a94db5955)] -> xpath: //button[text()='Add to cart']]
14:30:38.489  [main] INFO  com.swagLabs.utilities.LogUtils - Scrolled to the element: [[ChromeDriver: chrome on windows (ff651079d8a5c5bf9e74aa3a94db5955)] -> xpath: //button[text()='Add to cart']]
14:30:38.516  [main] INFO  com.swagLabs.utilities.LogUtils - Element is clickable: [[ChromeDriver: chrome on windows (ff651079d8a5c5bf9e74aa3a94db5955)] -> xpath: //button[text()='Add to cart']]
14:30:38.604  [main] INFO  com.swagLabs.utilities.LogUtils - Clicked successfully: [[ChromeDriver: chrome on windows (ff651079d8a5c5bf9e74aa3a94db5955)] -> xpath: //button[text()='Add to cart']]
14:30:38.604  [main] INFO  com.swagLabs.utilities.LogUtils - Clicked successfully on element at index 2: [[ChromeDriver: chrome on windows (ff651079d8a5c5bf9e74aa3a94db5955)] -> xpath: //button[text()='Add to cart']]
14:30:38.626  [main] INFO  com.swagLabs.utilities.LogUtils - Scrolled to the element: [[ChromeDriver: chrome on windows (ff651079d8a5c5bf9e74aa3a94db5955)] -> xpath: //button[text()='Add to cart']]
14:30:38.651  [main] INFO  com.swagLabs.utilities.LogUtils - Element is clickable: [[ChromeDriver: chrome on windows (ff651079d8a5c5bf9e74aa3a94db5955)] -> xpath: //button[text()='Add to cart']]
14:30:38.739  [main] INFO  com.swagLabs.utilities.LogUtils - Clicked successfully: [[ChromeDriver: chrome on windows (ff651079d8a5c5bf9e74aa3a94db5955)] -> xpath: //button[text()='Add to cart']]
14:30:38.739  [main] INFO  com.swagLabs.utilities.LogUtils - Clicked successfully on element at index 1: [[ChromeDriver: chrome on windows (ff651079d8a5c5bf9e74aa3a94db5955)] -> xpath: //button[text()='Add to cart']]
14:30:38.763  [main] INFO  com.swagLabs.utilities.LogUtils - Scrolled to the element: [[ChromeDriver: chrome on windows (ff651079d8a5c5bf9e74aa3a94db5955)] -> xpath: //button[text()='Add to cart']]
14:30:38.788  [main] INFO  com.swagLabs.utilities.LogUtils - Element is clickable: [[ChromeDriver: chrome on windows (ff651079d8a5c5bf9e74aa3a94db5955)] -> xpath: //button[text()='Add to cart']]
14:30:38.879  [main] INFO  com.swagLabs.utilities.LogUtils - Clicked successfully: [[ChromeDriver: chrome on windows (ff651079d8a5c5bf9e74aa3a94db5955)] -> xpath: //button[text()='Add to cart']]
14:30:38.880  [main] INFO  com.swagLabs.utilities.LogUtils - Clicked successfully on element at index 0: [[ChromeDriver: chrome on windows (ff651079d8a5c5bf9e74aa3a94db5955)] -> xpath: //button[text()='Add to cart']]
14:30:43.890  [main] INFO  com.swagLabs.utilities.LogUtils - Added all products to the cart.
14:30:44.074  [main] INFO  com.swagLabs.utilities.LogUtils - Element is clickable: [[ChromeDriver: chrome on windows (ff651079d8a5c5bf9e74aa3a94db5955)] -> xpath: //div[@class='shopping_cart_container']]
14:30:44.202  [main] INFO  com.swagLabs.utilities.LogUtils - Clicked successfully: [[ChromeDriver: chrome on windows (ff651079d8a5c5bf9e74aa3a94db5955)] -> xpath: //div[@class='shopping_cart_container']]
14:30:47.206  [main] INFO  com.swagLabs.utilities.LogUtils - Opened open cart page.
14:30:47.341  [main] INFO  com.swagLabs.utilities.LogUtils - Scrolled to the element: [[ChromeDriver: chrome on windows (ff651079d8a5c5bf9e74aa3a94db5955)] -> xpath: //button[text()='Checkout']]
14:30:50.348  [main] INFO  com.swagLabs.utilities.LogUtils - Scrolled to Checkout button.
14:30:50.519  [main] INFO  com.swagLabs.utilities.LogUtils - Element is clickable: [[ChromeDriver: chrome on windows (ff651079d8a5c5bf9e74aa3a94db5955)] -> xpath: //button[text()='Checkout']]
14:30:55.676  [main] INFO  com.swagLabs.utilities.LogUtils - Clicked successfully: Proxy element for: DefaultElementLocator 'By.xpath: //button[text()='Checkout']'
14:30:58.678  [main] INFO  com.swagLabs.utilities.LogUtils - Checkout page opened.
14:30:58.822  [main] INFO  com.swagLabs.utilities.LogUtils - Element is clickable: [[ChromeDriver: chrome on windows (ff651079d8a5c5bf9e74aa3a94db5955)] -> xpath: //*[@id='first-name']]
14:30:58.980  [main] INFO  com.swagLabs.utilities.LogUtils - Entered '{}' into element: {}Krushna[[ChromeDriver: chrome on windows (ff651079d8a5c5bf9e74aa3a94db5955)] -> xpath: //*[@id='first-name']]
14:30:59.030  [main] INFO  com.swagLabs.utilities.LogUtils - Element is clickable: [[ChromeDriver: chrome on windows (ff651079d8a5c5bf9e74aa3a94db5955)] -> xpath: //*[@id='last-name']]
14:30:59.163  [main] INFO  com.swagLabs.utilities.LogUtils - Entered '{}' into element: {}Patare[[ChromeDriver: chrome on windows (ff651079d8a5c5bf9e74aa3a94db5955)] -> xpath: //*[@id='last-name']]
14:30:59.211  [main] INFO  com.swagLabs.utilities.LogUtils - Element is clickable: [[ChromeDriver: chrome on windows (ff651079d8a5c5bf9e74aa3a94db5955)] -> xpath: //*[@id='postal-code']]
14:30:59.340  [main] INFO  com.swagLabs.utilities.LogUtils - Entered '{}' into element: {}411016[[ChromeDriver: chrome on windows (ff651079d8a5c5bf9e74aa3a94db5955)] -> xpath: //*[@id='postal-code']]
14:31:02.348  [main] INFO  com.swagLabs.utilities.LogUtils - Entered firstname, lastname, postalCode.
14:31:05.527  [main] INFO  com.swagLabs.utilities.LogUtils - Element is clickable: [[ChromeDriver: chrome on windows (ff651079d8a5c5bf9e74aa3a94db5955)] -> xpath: //input[@name='continue']]
14:31:10.665  [main] INFO  com.swagLabs.utilities.LogUtils - Clicked successfully: Proxy element for: DefaultElementLocator 'By.xpath: //input[@name='continue']'
14:31:10.665  [main] INFO  com.swagLabs.utilities.LogUtils - Opened checkout complete page.
14:31:10.865  [main] INFO  com.swagLabs.utilities.LogUtils - Element is clickable: [[ChromeDriver: chrome on windows (ff651079d8a5c5bf9e74aa3a94db5955)] -> xpath: //*[@id='react-burger-menu-btn']]
14:31:10.995  [main] INFO  com.swagLabs.utilities.LogUtils - Clicked successfully: [[ChromeDriver: chrome on windows (ff651079d8a5c5bf9e74aa3a94db5955)] -> xpath: //*[@id='react-burger-menu-btn']]
14:31:13.061  [main] INFO  com.swagLabs.utilities.LogUtils - Element is clickable: [[ChromeDriver: chrome on windows (ff651079d8a5c5bf9e74aa3a94db5955)] -> xpath: //*[@id='logout_sidebar_link']]
14:31:18.208  [main] INFO  com.swagLabs.utilities.LogUtils - Clicked successfully: Proxy element for: DefaultElementLocator 'By.xpath: //*[@id='logout_sidebar_link']'
14:31:20.215  [main] INFO  com.swagLabs.utilities.LogUtils - For 'pass' condition https://www.saucedemo.com/checkout-step-two.html https://www.saucedemo.com/checkout-complete.html
14:31:20.215  [main] ERROR com.swagLabs.utilities.LogUtils - Test failed due to assertion error: Page Url should match. expected [https://www.saucedemo.com/checkout-complete.html] but found [https://www.saucedemo.com/checkout-step-two.html]
14:31:20.215  [main] ERROR com.swagLabs.utilities.LogUtils - An exception occurred: Page Url should match. expected [https://www.saucedemo.com/checkout-complete.html] but found [https://www.saucedemo.com/checkout-step-two.html]
java.lang.AssertionError: Page Url should match. expected [https://www.saucedemo.com/checkout-complete.html] but found [https://www.saucedemo.com/checkout-step-two.html]
	at org.testng.Assert.fail(Assert.java:111) ~[org.testng_7.10.1.r202404130807.jar:7.10.1]
	at org.testng.Assert.failNotEquals(Assert.java:1578) ~[org.testng_7.10.1.r202404130807.jar:7.10.1]
	at org.testng.Assert.assertEqualsImpl(Assert.java:150) ~[org.testng_7.10.1.r202404130807.jar:7.10.1]
	at org.testng.Assert.assertEquals(Assert.java:132) ~[org.testng_7.10.1.r202404130807.jar:7.10.1]
	at org.testng.Assert.assertEquals(Assert.java:656) ~[org.testng_7.10.1.r202404130807.jar:7.10.1]
	at com.swagLabs.tests.CheckoutPageTest.verifyCheckoutFunctionality(CheckoutPageTest.java:66) ~[test-classes/:?]
	at java.base/jdk.internal.reflect.NativeMethodAccessorImpl.invoke0(Native Method) ~[?:?]
	at java.base/jdk.internal.reflect.NativeMethodAccessorImpl.invoke(NativeMethodAccessorImpl.java:77) ~[?:?]
	at java.base/jdk.internal.reflect.DelegatingMethodAccessorImpl.invoke(DelegatingMethodAccessorImpl.java:43) ~[?:?]
	at java.base/java.lang.reflect.Method.invoke(Method.java:568) ~[?:?]
	at org.testng.internal.invokers.MethodInvocationHelper.invokeMethod(MethodInvocationHelper.java:141) ~[org.testng_7.10.1.r202404130807.jar:7.10.1]
	at org.testng.internal.invokers.TestInvoker.invokeMethod(TestInvoker.java:686) ~[org.testng_7.10.1.r202404130807.jar:7.10.1]
	at org.testng.internal.invokers.TestInvoker.invokeTestMethod(TestInvoker.java:230) ~[org.testng_7.10.1.r202404130807.jar:7.10.1]
	at org.testng.internal.invokers.MethodRunner.runInSequence(MethodRunner.java:63) ~[org.testng_7.10.1.r202404130807.jar:7.10.1]
	at org.testng.internal.invokers.TestInvoker$MethodInvocationAgent.invoke(TestInvoker.java:992) ~[org.testng_7.10.1.r202404130807.jar:7.10.1]
	at org.testng.internal.invokers.TestInvoker.invokeTestMethods(TestInvoker.java:203) ~[org.testng_7.10.1.r202404130807.jar:7.10.1]
	at org.testng.internal.invokers.TestMethodWorker.invokeTestMethods(TestMethodWorker.java:154) ~[org.testng_7.10.1.r202404130807.jar:7.10.1]
	at org.testng.internal.invokers.TestMethodWorker.run(TestMethodWorker.java:134) ~[org.testng_7.10.1.r202404130807.jar:7.10.1]
	at java.base/java.util.ArrayList.forEach(ArrayList.java:1511) [?:?]
	at org.testng.TestRunner.privateRun(TestRunner.java:739) [org.testng_7.10.1.r202404130807.jar:7.10.1]
	at org.testng.TestRunner.run(TestRunner.java:614) [org.testng_7.10.1.r202404130807.jar:7.10.1]
	at org.testng.SuiteRunner.runTest(SuiteRunner.java:421) [org.testng_7.10.1.r202404130807.jar:7.10.1]
	at org.testng.SuiteRunner.runSequentially(SuiteRunner.java:413) [org.testng_7.10.1.r202404130807.jar:7.10.1]
	at org.testng.SuiteRunner.privateRun(SuiteRunner.java:373) [org.testng_7.10.1.r202404130807.jar:7.10.1]
	at org.testng.SuiteRunner.run(SuiteRunner.java:312) [org.testng_7.10.1.r202404130807.jar:7.10.1]
	at org.testng.SuiteRunnerWorker.runSuite(SuiteRunnerWorker.java:52) [org.testng_7.10.1.r202404130807.jar:7.10.1]
	at org.testng.SuiteRunnerWorker.run(SuiteRunnerWorker.java:95) [org.testng_7.10.1.r202404130807.jar:7.10.1]
	at org.testng.TestNG.runSuitesSequentially(TestNG.java:1274) [org.testng_7.10.1.r202404130807.jar:7.10.1]
	at org.testng.TestNG.runSuitesLocally(TestNG.java:1208) [org.testng_7.10.1.r202404130807.jar:7.10.1]
	at org.testng.TestNG.runSuites(TestNG.java:1112) [org.testng_7.10.1.r202404130807.jar:7.10.1]
	at org.testng.TestNG.run(TestNG.java:1079) [org.testng_7.10.1.r202404130807.jar:7.10.1]
	at org.testng.remote.AbstractRemoteTestNG.run(AbstractRemoteTestNG.java:115) [testng-remote.jar:?]
	at org.testng.remote.RemoteTestNG.initAndRun(RemoteTestNG.java:293) [testng-remote.jar:?]
	at org.testng.remote.RemoteTestNG.main(RemoteTestNG.java:91) [testng-remote.jar:?]
14:31:20.216  [main] INFO  com.swagLabs.utilities.LogUtils - ***** Finished verifyCheckoutFunctionality *****
14:31:20.216  [main] INFO  com.swagLabs.utilities.LogUtils - ********************************************
14:31:20.681  [main] DEBUG io.github.bonigarcia.wdm.WebDriverManager - Using WebDriverManager 5.9.2
14:31:20.703  [main] DEBUG io.github.bonigarcia.wdm.cache.ResolutionCache - Resolution chrome=131 in cache (valid until 14:47:21 04/01/2025 IST)
14:31:20.704  [main] DEBUG io.github.bonigarcia.wdm.cache.ResolutionCache - Resolution chrome131=131.0.6778.204 in cache (valid until 14:10:38 05/01/2025 IST)
14:31:20.705  [main] INFO  io.github.bonigarcia.wdm.WebDriverManager - Using chromedriver 131.0.6778.204 (resolved driver for Chrome 131)
14:31:20.729  [main] DEBUG io.github.bonigarcia.wdm.WebDriverManager - Driver chromedriver 131.0.6778.204 found in cache
14:31:20.731  [main] INFO  io.github.bonigarcia.wdm.WebDriverManager - Exporting webdriver.chrome.driver as C:\Users\Admin\.cache\selenium\chromedriver\win64\131.0.6778.204\chromedriver.exe
14:31:23.222  [main] INFO  com.swagLabs.utilities.LogUtils - ********************************************************
14:31:23.223  [main] INFO  com.swagLabs.utilities.LogUtils - ***** <<<<< Starting verifyCheckoutFunctionality >>>>> *****
14:31:23.224  [main] INFO  com.swagLabs.utilities.LogUtils - Opened login page.
14:31:23.403  [main] INFO  com.swagLabs.utilities.LogUtils - Element is clickable: [[ChromeDriver: chrome on windows (a030122048397369b48b2517d21ff3d5)] -> xpath: //input[@data-test='username']]
14:31:23.602  [main] INFO  com.swagLabs.utilities.LogUtils - Entered '{}' into element: {}standard_user[[ChromeDriver: chrome on windows (a030122048397369b48b2517d21ff3d5)] -> xpath: //input[@data-test='username']]
14:31:23.652  [main] INFO  com.swagLabs.utilities.LogUtils - Element is clickable: [[ChromeDriver: chrome on windows (a030122048397369b48b2517d21ff3d5)] -> xpath: //input[@data-test='password']]
14:31:23.794  [main] INFO  com.swagLabs.utilities.LogUtils - Entered '{}' into element: {}secret_sauce[[ChromeDriver: chrome on windows (a030122048397369b48b2517d21ff3d5)] -> xpath: //input[@data-test='password']]
14:31:23.795  [main] INFO  com.swagLabs.utilities.LogUtils - Entered username and password.
14:31:23.947  [main] INFO  com.swagLabs.utilities.LogUtils - Element is clickable: [[ChromeDriver: chrome on windows (a030122048397369b48b2517d21ff3d5)] -> xpath: //input[@data-test='login-button']]
14:31:29.193  [main] INFO  com.swagLabs.utilities.LogUtils - Clicked successfully: Proxy element for: DefaultElementLocator 'By.xpath: //input[@data-test='login-button']'
14:31:32.202  [main] INFO  com.swagLabs.utilities.LogUtils - Logged in Successfully!
14:31:32.496  [main] INFO  com.swagLabs.utilities.LogUtils - Scrolled to the element: [[ChromeDriver: chrome on windows (a030122048397369b48b2517d21ff3d5)] -> xpath: //button[text()='Add to cart']]
14:31:32.529  [main] INFO  com.swagLabs.utilities.LogUtils - Element is clickable: [[ChromeDriver: chrome on windows (a030122048397369b48b2517d21ff3d5)] -> xpath: //button[text()='Add to cart']]
14:31:32.635  [main] INFO  com.swagLabs.utilities.LogUtils - Clicked successfully: [[ChromeDriver: chrome on windows (a030122048397369b48b2517d21ff3d5)] -> xpath: //button[text()='Add to cart']]
14:31:32.635  [main] INFO  com.swagLabs.utilities.LogUtils - Clicked successfully on element at index 5: [[ChromeDriver: chrome on windows (a030122048397369b48b2517d21ff3d5)] -> xpath: //button[text()='Add to cart']]
14:31:32.674  [main] INFO  com.swagLabs.utilities.LogUtils - Scrolled to the element: [[ChromeDriver: chrome on windows (a030122048397369b48b2517d21ff3d5)] -> xpath: //button[text()='Add to cart']]
14:31:32.698  [main] INFO  com.swagLabs.utilities.LogUtils - Element is clickable: [[ChromeDriver: chrome on windows (a030122048397369b48b2517d21ff3d5)] -> xpath: //button[text()='Add to cart']]
14:31:32.768  [main] INFO  com.swagLabs.utilities.LogUtils - Clicked successfully: [[ChromeDriver: chrome on windows (a030122048397369b48b2517d21ff3d5)] -> xpath: //button[text()='Add to cart']]
14:31:32.768  [main] INFO  com.swagLabs.utilities.LogUtils - Clicked successfully on element at index 4: [[ChromeDriver: chrome on windows (a030122048397369b48b2517d21ff3d5)] -> xpath: //button[text()='Add to cart']]
14:31:32.810  [main] INFO  com.swagLabs.utilities.LogUtils - Scrolled to the element: [[ChromeDriver: chrome on windows (a030122048397369b48b2517d21ff3d5)] -> xpath: //button[text()='Add to cart']]
14:31:32.837  [main] INFO  com.swagLabs.utilities.LogUtils - Element is clickable: [[ChromeDriver: chrome on windows (a030122048397369b48b2517d21ff3d5)] -> xpath: //button[text()='Add to cart']]
14:31:32.940  [main] INFO  com.swagLabs.utilities.LogUtils - Clicked successfully: [[ChromeDriver: chrome on windows (a030122048397369b48b2517d21ff3d5)] -> xpath: //button[text()='Add to cart']]
14:31:32.941  [main] INFO  com.swagLabs.utilities.LogUtils - Clicked successfully on element at index 3: [[ChromeDriver: chrome on windows (a030122048397369b48b2517d21ff3d5)] -> xpath: //button[text()='Add to cart']]
14:31:32.964  [main] INFO  com.swagLabs.utilities.LogUtils - Scrolled to the element: [[ChromeDriver: chrome on windows (a030122048397369b48b2517d21ff3d5)] -> xpath: //button[text()='Add to cart']]
14:31:32.995  [main] INFO  com.swagLabs.utilities.LogUtils - Element is clickable: [[ChromeDriver: chrome on windows (a030122048397369b48b2517d21ff3d5)] -> xpath: //button[text()='Add to cart']]
14:31:33.088  [main] INFO  com.swagLabs.utilities.LogUtils - Clicked successfully: [[ChromeDriver: chrome on windows (a030122048397369b48b2517d21ff3d5)] -> xpath: //button[text()='Add to cart']]
14:31:33.088  [main] INFO  com.swagLabs.utilities.LogUtils - Clicked successfully on element at index 2: [[ChromeDriver: chrome on windows (a030122048397369b48b2517d21ff3d5)] -> xpath: //button[text()='Add to cart']]
14:31:33.109  [main] INFO  com.swagLabs.utilities.LogUtils - Scrolled to the element: [[ChromeDriver: chrome on windows (a030122048397369b48b2517d21ff3d5)] -> xpath: //button[text()='Add to cart']]
14:31:33.131  [main] INFO  com.swagLabs.utilities.LogUtils - Element is clickable: [[ChromeDriver: chrome on windows (a030122048397369b48b2517d21ff3d5)] -> xpath: //button[text()='Add to cart']]
14:31:33.202  [main] INFO  com.swagLabs.utilities.LogUtils - Clicked successfully: [[ChromeDriver: chrome on windows (a030122048397369b48b2517d21ff3d5)] -> xpath: //button[text()='Add to cart']]
14:31:33.202  [main] INFO  com.swagLabs.utilities.LogUtils - Clicked successfully on element at index 1: [[ChromeDriver: chrome on windows (a030122048397369b48b2517d21ff3d5)] -> xpath: //button[text()='Add to cart']]
14:31:33.223  [main] INFO  com.swagLabs.utilities.LogUtils - Scrolled to the element: [[ChromeDriver: chrome on windows (a030122048397369b48b2517d21ff3d5)] -> xpath: //button[text()='Add to cart']]
14:31:33.242  [main] INFO  com.swagLabs.utilities.LogUtils - Element is clickable: [[ChromeDriver: chrome on windows (a030122048397369b48b2517d21ff3d5)] -> xpath: //button[text()='Add to cart']]
14:31:33.317  [main] INFO  com.swagLabs.utilities.LogUtils - Clicked successfully: [[ChromeDriver: chrome on windows (a030122048397369b48b2517d21ff3d5)] -> xpath: //button[text()='Add to cart']]
14:31:33.317  [main] INFO  com.swagLabs.utilities.LogUtils - Clicked successfully on element at index 0: [[ChromeDriver: chrome on windows (a030122048397369b48b2517d21ff3d5)] -> xpath: //button[text()='Add to cart']]
14:31:38.324  [main] INFO  com.swagLabs.utilities.LogUtils - Added all products to the cart.
14:31:38.532  [main] INFO  com.swagLabs.utilities.LogUtils - Element is clickable: [[ChromeDriver: chrome on windows (a030122048397369b48b2517d21ff3d5)] -> xpath: //div[@class='shopping_cart_container']]
14:31:38.641  [main] INFO  com.swagLabs.utilities.LogUtils - Clicked successfully: [[ChromeDriver: chrome on windows (a030122048397369b48b2517d21ff3d5)] -> xpath: //div[@class='shopping_cart_container']]
14:31:41.646  [main] INFO  com.swagLabs.utilities.LogUtils - Opened open cart page.
14:31:41.810  [main] INFO  com.swagLabs.utilities.LogUtils - Scrolled to the element: [[ChromeDriver: chrome on windows (a030122048397369b48b2517d21ff3d5)] -> xpath: //button[text()='Checkout']]
14:31:44.823  [main] INFO  com.swagLabs.utilities.LogUtils - Scrolled to Checkout button.
14:31:44.962  [main] INFO  com.swagLabs.utilities.LogUtils - Element is clickable: [[ChromeDriver: chrome on windows (a030122048397369b48b2517d21ff3d5)] -> xpath: //button[text()='Checkout']]
14:31:50.093  [main] INFO  com.swagLabs.utilities.LogUtils - Clicked successfully: Proxy element for: DefaultElementLocator 'By.xpath: //button[text()='Checkout']'
14:31:53.098  [main] INFO  com.swagLabs.utilities.LogUtils - Checkout page opened.
14:31:53.244  [main] INFO  com.swagLabs.utilities.LogUtils - Element is clickable: [[ChromeDriver: chrome on windows (a030122048397369b48b2517d21ff3d5)] -> xpath: //*[@id='first-name']]
14:31:53.435  [main] INFO  com.swagLabs.utilities.LogUtils - Entered '{}' into element: {}12345[[ChromeDriver: chrome on windows (a030122048397369b48b2517d21ff3d5)] -> xpath: //*[@id='first-name']]
14:31:53.499  [main] INFO  com.swagLabs.utilities.LogUtils - Element is clickable: [[ChromeDriver: chrome on windows (a030122048397369b48b2517d21ff3d5)] -> xpath: //*[@id='last-name']]
14:31:53.631  [main] INFO  com.swagLabs.utilities.LogUtils - Entered '{}' into element: {}Patare[[ChromeDriver: chrome on windows (a030122048397369b48b2517d21ff3d5)] -> xpath: //*[@id='last-name']]
14:31:53.677  [main] INFO  com.swagLabs.utilities.LogUtils - Element is clickable: [[ChromeDriver: chrome on windows (a030122048397369b48b2517d21ff3d5)] -> xpath: //*[@id='postal-code']]
14:31:53.813  [main] INFO  com.swagLabs.utilities.LogUtils - Entered '{}' into element: {}411016[[ChromeDriver: chrome on windows (a030122048397369b48b2517d21ff3d5)] -> xpath: //*[@id='postal-code']]
14:31:56.820  [main] INFO  com.swagLabs.utilities.LogUtils - Entered firstname, lastname, postalCode.
14:31:59.991  [main] INFO  com.swagLabs.utilities.LogUtils - Element is clickable: [[ChromeDriver: chrome on windows (a030122048397369b48b2517d21ff3d5)] -> xpath: //input[@name='continue']]
