13:20:42.593  [main] INFO  com.swagLabs.utilities.LogUtils - [Thread: 1] Clicked successfully: [[ChromeDriver: chrome on windows (3a5eb5f6e48da7589b083c6a3404a86e)] -> xpath: //button[text()='Add to cart']]
13:20:42.596  [main] INFO  com.swagLabs.utilities.LogUtils - [Thread: 1] Clicked successfully on element at index 5: [[ChromeDriver: chrome on windows (3a5eb5f6e48da7589b083c6a3404a86e)] -> xpath: //button[text()='Add to cart']]
13:20:42.631  [main] INFO  com.swagLabs.utilities.LogUtils - [Thread: 1] Scrolled to the element: [[ChromeDriver: chrome on windows (3a5eb5f6e48da7589b083c6a3404a86e)] -> xpath: //button[text()='Add to cart']]
13:20:42.667  [main] INFO  com.swagLabs.utilities.LogUtils - [Thread: 1] Element is clickable: [[ChromeDriver: chrome on windows (3a5eb5f6e48da7589b083c6a3404a86e)] -> xpath: //button[text()='Add to cart']]
13:20:42.766  [main] INFO  com.swagLabs.utilities.LogUtils - [Thread: 1] Clicked successfully: [[ChromeDriver: chrome on windows (3a5eb5f6e48da7589b083c6a3404a86e)] -> xpath: //button[text()='Add to cart']]
13:20:42.767  [main] INFO  com.swagLabs.utilities.LogUtils - [Thread: 1] Clicked successfully on element at index 4: [[ChromeDriver: chrome on windows (3a5eb5f6e48da7589b083c6a3404a86e)] -> xpath: //button[text()='Add to cart']]
13:20:42.793  [main] INFO  com.swagLabs.utilities.LogUtils - [Thread: 1] Scrolled to the element: [[ChromeDriver: chrome on windows (3a5eb5f6e48da7589b083c6a3404a86e)] -> xpath: //button[text()='Add to cart']]
13:20:42.842  [main] INFO  com.swagLabs.utilities.LogUtils - [Thread: 1] Element is clickable: [[ChromeDriver: chrome on windows (3a5eb5f6e48da7589b083c6a3404a86e)] -> xpath: //button[text()='Add to cart']]
13:20:42.943  [main] INFO  com.swagLabs.utilities.LogUtils - [Thread: 1] Clicked successfully: [[ChromeDriver: chrome on windows (3a5eb5f6e48da7589b083c6a3404a86e)] -> xpath: //button[text()='Add to cart']]
13:20:42.943  [main] INFO  com.swagLabs.utilities.LogUtils - [Thread: 1] Clicked successfully on element at index 3: [[ChromeDriver: chrome on windows (3a5eb5f6e48da7589b083c6a3404a86e)] -> xpath: //button[text()='Add to cart']]
13:20:42.971  [main] INFO  com.swagLabs.utilities.LogUtils - [Thread: 1] Scrolled to the element: [[ChromeDriver: chrome on windows (3a5eb5f6e48da7589b083c6a3404a86e)] -> xpath: //button[text()='Add to cart']]
13:20:42.997  [main] INFO  com.swagLabs.utilities.LogUtils - [Thread: 1] Element is clickable: [[ChromeDriver: chrome on windows (3a5eb5f6e48da7589b083c6a3404a86e)] -> xpath: //button[text()='Add to cart']]
13:20:43.091  [main] INFO  com.swagLabs.utilities.LogUtils - [Thread: 1] Clicked successfully: [[ChromeDriver: chrome on windows (3a5eb5f6e48da7589b083c6a3404a86e)] -> xpath: //button[text()='Add to cart']]
13:20:43.091  [main] INFO  com.swagLabs.utilities.LogUtils - [Thread: 1] Clicked successfully on element at index 2: [[ChromeDriver: chrome on windows (3a5eb5f6e48da7589b083c6a3404a86e)] -> xpath: //button[text()='Add to cart']]
13:20:43.113  [main] INFO  com.swagLabs.utilities.LogUtils - [Thread: 1] Scrolled to the element: [[ChromeDriver: chrome on windows (3a5eb5f6e48da7589b083c6a3404a86e)] -> xpath: //button[text()='Add to cart']]
13:20:43.138  [main] INFO  com.swagLabs.utilities.LogUtils - [Thread: 1] Element is clickable: [[ChromeDriver: chrome on windows (3a5eb5f6e48da7589b083c6a3404a86e)] -> xpath: //button[text()='Add to cart']]
13:20:43.210  [main] INFO  com.swagLabs.utilities.LogUtils - [Thread: 1] Clicked successfully: [[ChromeDriver: chrome on windows (3a5eb5f6e48da7589b083c6a3404a86e)] -> xpath: //button[text()='Add to cart']]
13:20:43.210  [main] INFO  com.swagLabs.utilities.LogUtils - [Thread: 1] Clicked successfully on element at index 1: [[ChromeDriver: chrome on windows (3a5eb5f6e48da7589b083c6a3404a86e)] -> xpath: //button[text()='Add to cart']]
13:20:43.230  [main] INFO  com.swagLabs.utilities.LogUtils - [Thread: 1] Scrolled to the element: [[ChromeDriver: chrome on windows (3a5eb5f6e48da7589b083c6a3404a86e)] -> xpath: //button[text()='Add to cart']]
13:20:43.249  [main] INFO  com.swagLabs.utilities.LogUtils - [Thread: 1] Element is clickable: [[ChromeDriver: chrome on windows (3a5eb5f6e48da7589b083c6a3404a86e)] -> xpath: //button[text()='Add to cart']]
13:20:43.321  [main] INFO  com.swagLabs.utilities.LogUtils - [Thread: 1] Clicked successfully: [[ChromeDriver: chrome on windows (3a5eb5f6e48da7589b083c6a3404a86e)] -> xpath: //button[text()='Add to cart']]
13:20:43.322  [main] INFO  com.swagLabs.utilities.LogUtils - [Thread: 1] Clicked successfully on element at index 0: [[ChromeDriver: chrome on windows (3a5eb5f6e48da7589b083c6a3404a86e)] -> xpath: //button[text()='Add to cart']]
13:20:48.324  [main] INFO  com.swagLabs.utilities.LogUtils - [Thread: 1] Added all products to the cart.
13:20:48.506  [main] INFO  com.swagLabs.utilities.LogUtils - [Thread: 1] Element is clickable: [[ChromeDriver: chrome on windows (3a5eb5f6e48da7589b083c6a3404a86e)] -> xpath: //div[@class='shopping_cart_container']]
13:20:48.644  [main] INFO  com.swagLabs.utilities.LogUtils - [Thread: 1] Clicked successfully: [[ChromeDriver: chrome on windows (3a5eb5f6e48da7589b083c6a3404a86e)] -> xpath: //div[@class='shopping_cart_container']]
13:20:51.645  [main] INFO  com.swagLabs.utilities.LogUtils - [Thread: 1] Opened open cart page.
13:20:56.860  [main] INFO  com.swagLabs.utilities.LogUtils - [Thread: 1] ***** Finished verifyUserCanAddItemToCart *****
13:20:56.860  [main] INFO  com.swagLabs.utilities.LogUtils - [Thread: 1] ********************************************
13:20:57.303  [main] DEBUG io.github.bonigarcia.wdm.WebDriverManager - Using WebDriverManager 5.9.2
13:20:57.334  [main] DEBUG io.github.bonigarcia.wdm.cache.ResolutionCache - Resolution chrome=131 in cache (valid until 14:16:40 10/01/2025 IST)
13:20:57.336  [main] DEBUG io.github.bonigarcia.wdm.cache.ResolutionCache - Resolution chrome131=131.0.6778.264 in cache (valid until 13:16:40 11/01/2025 IST)
13:20:57.336  [main] INFO  io.github.bonigarcia.wdm.WebDriverManager - Using chromedriver 131.0.6778.264 (resolved driver for Chrome 131)
13:20:57.371  [main] DEBUG io.github.bonigarcia.wdm.WebDriverManager - Driver chromedriver 131.0.6778.264 found in cache
13:20:57.380  [main] INFO  io.github.bonigarcia.wdm.WebDriverManager - Exporting webdriver.chrome.driver as C:\Users\Admin\.cache\selenium\chromedriver\win64\131.0.6778.264\chromedriver.exe
13:21:02.335  [main] INFO  com.swagLabs.utilities.LogUtils - [Thread: 1] ********************************************************
13:21:02.335  [main] INFO  com.swagLabs.utilities.LogUtils - [Thread: 1] ***** <<<<< Starting verifyCheckoutSuccessMessage >>>>> *****
13:21:02.335  [main] INFO  com.swagLabs.utilities.LogUtils - [Thread: 1] Opened login page.
13:21:02.555  [main] INFO  com.swagLabs.utilities.LogUtils - [Thread: 1] Element is clickable: [[ChromeDriver: chrome on windows (227dd708006f292dc1a1cd08585ab2ea)] -> xpath: //input[@data-test='username']]
13:21:02.852  [main] INFO  com.swagLabs.utilities.LogUtils - [Thread: 1] Entered '{}' into element: {}standard_user[[ChromeDriver: chrome on windows (227dd708006f292dc1a1cd08585ab2ea)] -> xpath: //input[@data-test='username']]
13:21:02.935  [main] INFO  com.swagLabs.utilities.LogUtils - [Thread: 1] Element is clickable: [[ChromeDriver: chrome on windows (227dd708006f292dc1a1cd08585ab2ea)] -> xpath: //input[@data-test='password']]
13:21:03.160  [main] INFO  com.swagLabs.utilities.LogUtils - [Thread: 1] Entered '{}' into element: {}secret_sauce[[ChromeDriver: chrome on windows (227dd708006f292dc1a1cd08585ab2ea)] -> xpath: //input[@data-test='password']]
13:21:03.160  [main] INFO  com.swagLabs.utilities.LogUtils - [Thread: 1] Entered username and password.
13:21:03.375  [main] INFO  com.swagLabs.utilities.LogUtils - [Thread: 1] Element is clickable: [[ChromeDriver: chrome on windows (227dd708006f292dc1a1cd08585ab2ea)] -> xpath: //input[@data-test='login-button']]
13:21:08.653  [main] INFO  com.swagLabs.utilities.LogUtils - [Thread: 1] Clicked successfully: Proxy element for: DefaultElementLocator 'By.xpath: //input[@data-test='login-button']'
13:21:11.664  [main] INFO  com.swagLabs.utilities.LogUtils - [Thread: 1] Logged in Successfully!
13:21:11.877  [main] INFO  com.swagLabs.utilities.LogUtils - [Thread: 1] Scrolled to the element: [[ChromeDriver: chrome on windows (227dd708006f292dc1a1cd08585ab2ea)] -> xpath: //button[text()='Add to cart']]
13:21:11.902  [main] INFO  com.swagLabs.utilities.LogUtils - [Thread: 1] Element is clickable: [[ChromeDriver: chrome on windows (227dd708006f292dc1a1cd08585ab2ea)] -> xpath: //button[text()='Add to cart']]
13:21:11.991  [main] INFO  com.swagLabs.utilities.LogUtils - [Thread: 1] Clicked successfully: [[ChromeDriver: chrome on windows (227dd708006f292dc1a1cd08585ab2ea)] -> xpath: //button[text()='Add to cart']]
13:21:11.991  [main] INFO  com.swagLabs.utilities.LogUtils - [Thread: 1] Clicked successfully on element at index 5: [[ChromeDriver: chrome on windows (227dd708006f292dc1a1cd08585ab2ea)] -> xpath: //button[text()='Add to cart']]
13:21:12.028  [main] INFO  com.swagLabs.utilities.LogUtils - [Thread: 1] Scrolled to the element: [[ChromeDriver: chrome on windows (227dd708006f292dc1a1cd08585ab2ea)] -> xpath: //button[text()='Add to cart']]
13:21:12.055  [main] INFO  com.swagLabs.utilities.LogUtils - [Thread: 1] Element is clickable: [[ChromeDriver: chrome on windows (227dd708006f292dc1a1cd08585ab2ea)] -> xpath: //button[text()='Add to cart']]
13:21:12.134  [main] INFO  com.swagLabs.utilities.LogUtils - [Thread: 1] Clicked successfully: [[ChromeDriver: chrome on windows (227dd708006f292dc1a1cd08585ab2ea)] -> xpath: //button[text()='Add to cart']]
13:21:12.134  [main] INFO  com.swagLabs.utilities.LogUtils - [Thread: 1] Clicked successfully on element at index 4: [[ChromeDriver: chrome on windows (227dd708006f292dc1a1cd08585ab2ea)] -> xpath: //button[text()='Add to cart']]
13:21:12.157  [main] INFO  com.swagLabs.utilities.LogUtils - [Thread: 1] Scrolled to the element: [[ChromeDriver: chrome on windows (227dd708006f292dc1a1cd08585ab2ea)] -> xpath: //button[text()='Add to cart']]
13:21:12.201  [main] INFO  com.swagLabs.utilities.LogUtils - [Thread: 1] Element is clickable: [[ChromeDriver: chrome on windows (227dd708006f292dc1a1cd08585ab2ea)] -> xpath: //button[text()='Add to cart']]
13:21:12.285  [main] INFO  com.swagLabs.utilities.LogUtils - [Thread: 1] Clicked successfully: [[ChromeDriver: chrome on windows (227dd708006f292dc1a1cd08585ab2ea)] -> xpath: //button[text()='Add to cart']]
13:21:12.285  [main] INFO  com.swagLabs.utilities.LogUtils - [Thread: 1] Clicked successfully on element at index 3: [[ChromeDriver: chrome on windows (227dd708006f292dc1a1cd08585ab2ea)] -> xpath: //button[text()='Add to cart']]
13:21:12.312  [main] INFO  com.swagLabs.utilities.LogUtils - [Thread: 1] Scrolled to the element: [[ChromeDriver: chrome on windows (227dd708006f292dc1a1cd08585ab2ea)] -> xpath: //button[text()='Add to cart']]
13:21:12.334  [main] INFO  com.swagLabs.utilities.LogUtils - [Thread: 1] Element is clickable: [[ChromeDriver: chrome on windows (227dd708006f292dc1a1cd08585ab2ea)] -> xpath: //button[text()='Add to cart']]
13:21:12.415  [main] INFO  com.swagLabs.utilities.LogUtils - [Thread: 1] Clicked successfully: [[ChromeDriver: chrome on windows (227dd708006f292dc1a1cd08585ab2ea)] -> xpath: //button[text()='Add to cart']]
13:21:12.415  [main] INFO  com.swagLabs.utilities.LogUtils - [Thread: 1] Clicked successfully on element at index 2: [[ChromeDriver: chrome on windows (227dd708006f292dc1a1cd08585ab2ea)] -> xpath: //button[text()='Add to cart']]
13:21:12.437  [main] INFO  com.swagLabs.utilities.LogUtils - [Thread: 1] Scrolled to the element: [[ChromeDriver: chrome on windows (227dd708006f292dc1a1cd08585ab2ea)] -> xpath: //button[text()='Add to cart']]
13:21:12.469  [main] INFO  com.swagLabs.utilities.LogUtils - [Thread: 1] Element is clickable: [[ChromeDriver: chrome on windows (227dd708006f292dc1a1cd08585ab2ea)] -> xpath: //button[text()='Add to cart']]
13:21:12.555  [main] INFO  com.swagLabs.utilities.LogUtils - [Thread: 1] Clicked successfully: [[ChromeDriver: chrome on windows (227dd708006f292dc1a1cd08585ab2ea)] -> xpath: //button[text()='Add to cart']]
13:21:12.555  [main] INFO  com.swagLabs.utilities.LogUtils - [Thread: 1] Clicked successfully on element at index 1: [[ChromeDriver: chrome on windows (227dd708006f292dc1a1cd08585ab2ea)] -> xpath: //button[text()='Add to cart']]
13:21:12.579  [main] INFO  com.swagLabs.utilities.LogUtils - [Thread: 1] Scrolled to the element: [[ChromeDriver: chrome on windows (227dd708006f292dc1a1cd08585ab2ea)] -> xpath: //button[text()='Add to cart']]
13:21:12.602  [main] INFO  com.swagLabs.utilities.LogUtils - [Thread: 1] Element is clickable: [[ChromeDriver: chrome on windows (227dd708006f292dc1a1cd08585ab2ea)] -> xpath: //button[text()='Add to cart']]
13:21:12.684  [main] INFO  com.swagLabs.utilities.LogUtils - [Thread: 1] Clicked successfully: [[ChromeDriver: chrome on windows (227dd708006f292dc1a1cd08585ab2ea)] -> xpath: //button[text()='Add to cart']]
13:21:12.684  [main] INFO  com.swagLabs.utilities.LogUtils - [Thread: 1] Clicked successfully on element at index 0: [[ChromeDriver: chrome on windows (227dd708006f292dc1a1cd08585ab2ea)] -> xpath: //button[text()='Add to cart']]
13:21:17.689  [main] INFO  com.swagLabs.utilities.LogUtils - [Thread: 1] Added all products to the cart.
13:21:17.965  [main] INFO  com.swagLabs.utilities.LogUtils - [Thread: 1] Element is clickable: [[ChromeDriver: chrome on windows (227dd708006f292dc1a1cd08585ab2ea)] -> xpath: //div[@class='shopping_cart_container']]
13:21:18.123  [main] INFO  com.swagLabs.utilities.LogUtils - [Thread: 1] Clicked successfully: [[ChromeDriver: chrome on windows (227dd708006f292dc1a1cd08585ab2ea)] -> xpath: //div[@class='shopping_cart_container']]
13:21:21.123  [main] INFO  com.swagLabs.utilities.LogUtils - [Thread: 1] Opened open cart page.
13:21:21.331  [main] INFO  com.swagLabs.utilities.LogUtils - [Thread: 1] Scrolled to the element: [[ChromeDriver: chrome on windows (227dd708006f292dc1a1cd08585ab2ea)] -> xpath: //button[text()='Checkout']]
13:21:24.337  [main] INFO  com.swagLabs.utilities.LogUtils - [Thread: 1] Scrolled to Checkout button.
13:21:24.506  [main] INFO  com.swagLabs.utilities.LogUtils - [Thread: 1] Element is clickable: [[ChromeDriver: chrome on windows (227dd708006f292dc1a1cd08585ab2ea)] -> xpath: //button[text()='Checkout']]
13:21:29.645  [main] INFO  com.swagLabs.utilities.LogUtils - [Thread: 1] Clicked successfully: Proxy element for: DefaultElementLocator 'By.xpath: //button[text()='Checkout']'
13:21:32.650  [main] INFO  com.swagLabs.utilities.LogUtils - [Thread: 1] Checkout page opened.
13:21:32.818  [main] INFO  com.swagLabs.utilities.LogUtils - [Thread: 1] Element is clickable: [[ChromeDriver: chrome on windows (227dd708006f292dc1a1cd08585ab2ea)] -> xpath: //*[@id='first-name']]
13:21:33.000  [main] INFO  com.swagLabs.utilities.LogUtils - [Thread: 1] Entered '{}' into element: {}Krushna[[ChromeDriver: chrome on windows (227dd708006f292dc1a1cd08585ab2ea)] -> xpath: //*[@id='first-name']]
13:21:33.073  [main] INFO  com.swagLabs.utilities.LogUtils - [Thread: 1] Element is clickable: [[ChromeDriver: chrome on windows (227dd708006f292dc1a1cd08585ab2ea)] -> xpath: //*[@id='last-name']]
13:21:33.243  [main] INFO  com.swagLabs.utilities.LogUtils - [Thread: 1] Entered '{}' into element: {}Patare[[ChromeDriver: chrome on windows (227dd708006f292dc1a1cd08585ab2ea)] -> xpath: //*[@id='last-name']]
13:21:33.306  [main] INFO  com.swagLabs.utilities.LogUtils - [Thread: 1] Element is clickable: [[ChromeDriver: chrome on windows (227dd708006f292dc1a1cd08585ab2ea)] -> xpath: //*[@id='postal-code']]
13:21:33.470  [main] INFO  com.swagLabs.utilities.LogUtils - [Thread: 1] Entered '{}' into element: {}411016[[ChromeDriver: chrome on windows (227dd708006f292dc1a1cd08585ab2ea)] -> xpath: //*[@id='postal-code']]
13:21:36.474  [main] INFO  com.swagLabs.utilities.LogUtils - [Thread: 1] Entered firstname, lastname, postalCode.
13:21:39.669  [main] INFO  com.swagLabs.utilities.LogUtils - [Thread: 1] Element is clickable: [[ChromeDriver: chrome on windows (227dd708006f292dc1a1cd08585ab2ea)] -> xpath: //input[@name='continue']]
13:21:44.838  [main] INFO  com.swagLabs.utilities.LogUtils - [Thread: 1] Clicked successfully: Proxy element for: DefaultElementLocator 'By.xpath: //input[@name='continue']'
13:21:44.838  [main] INFO  com.swagLabs.utilities.LogUtils - [Thread: 1] Opened checkout complete page.
13:21:45.010  [main] INFO  com.swagLabs.utilities.LogUtils - [Thread: 1] Scrolled to the element: [[ChromeDriver: chrome on windows (227dd708006f292dc1a1cd08585ab2ea)] -> xpath: //button[@data-test='finish']]
13:21:45.072  [main] INFO  com.swagLabs.utilities.LogUtils - [Thread: 1] Element is clickable: [[ChromeDriver: chrome on windows (227dd708006f292dc1a1cd08585ab2ea)] -> xpath: //button[@data-test='finish']]
13:21:50.182  [main] INFO  com.swagLabs.utilities.LogUtils - [Thread: 1] Clicked successfully: Proxy element for: DefaultElementLocator 'By.xpath: //button[@data-test='finish']'
13:21:50.182  [main] INFO  com.swagLabs.utilities.LogUtils - [Thread: 1] Opened checkout success page.
13:21:50.397  [main] INFO  com.swagLabs.utilities.LogUtils - [Thread: 1] Element is clickable: [[ChromeDriver: chrome on windows (227dd708006f292dc1a1cd08585ab2ea)] -> xpath: //*[@id='react-burger-menu-btn']]
13:21:50.506  [main] INFO  com.swagLabs.utilities.LogUtils - [Thread: 1] Clicked successfully: [[ChromeDriver: chrome on windows (227dd708006f292dc1a1cd08585ab2ea)] -> xpath: //*[@id='react-burger-menu-btn']]
13:21:52.583  [main] INFO  com.swagLabs.utilities.LogUtils - [Thread: 1] Element is clickable: [[ChromeDriver: chrome on windows (227dd708006f292dc1a1cd08585ab2ea)] -> xpath: //*[@id='logout_sidebar_link']]
13:21:57.732  [main] INFO  com.swagLabs.utilities.LogUtils - [Thread: 1] Clicked successfully: Proxy element for: DefaultElementLocator 'By.xpath: //*[@id='logout_sidebar_link']'
13:21:59.743  [main] INFO  com.swagLabs.utilities.LogUtils - [Thread: 1] ***** Finished verifyCheckoutSuccessMessage *****
13:21:59.743  [main] INFO  com.swagLabs.utilities.LogUtils - [Thread: 1] ********************************************
13:22:00.483  [main] DEBUG org.apache.poi.openxml4j.opc.PackageRelationshipCollection - Parsing relationship: /xl/_rels/workbook.xml.rels
13:22:00.489  [main] DEBUG org.apache.poi.openxml4j.opc.PackageRelationshipCollection - Parsing relationship: /xl/worksheets/_rels/sheet1.xml.rels
13:22:00.491  [main] DEBUG org.apache.poi.openxml4j.opc.PackageRelationshipCollection - Parsing relationship: /_rels/.rels
13:22:01.337  [main] DEBUG org.apache.poi.ooxml.POIXMLFactory - using default POIXMLDocumentPart for http://schemas.openxmlformats.org/officeDocument/2006/relationships/printerSettings
13:22:01.591  [main] DEBUG org.apache.poi.openxml4j.opc.PackageRelationshipCollection - Parsing relationship: /xl/_rels/workbook.xml.rels
13:22:01.596  [main] DEBUG org.apache.poi.openxml4j.opc.PackageRelationshipCollection - Parsing relationship: /xl/worksheets/_rels/sheet1.xml.rels
13:22:01.600  [main] DEBUG org.apache.poi.openxml4j.opc.PackageRelationshipCollection - Parsing relationship: /_rels/.rels
13:22:01.646  [main] DEBUG org.apache.poi.ooxml.POIXMLFactory - using default POIXMLDocumentPart for http://schemas.openxmlformats.org/officeDocument/2006/relationships/printerSettings
13:22:01.684  [main] DEBUG org.apache.poi.openxml4j.opc.PackageRelationshipCollection - Parsing relationship: /xl/_rels/workbook.xml.rels
13:22:01.688  [main] DEBUG org.apache.poi.openxml4j.opc.PackageRelationshipCollection - Parsing relationship: /xl/worksheets/_rels/sheet1.xml.rels
13:22:01.691  [main] DEBUG org.apache.poi.openxml4j.opc.PackageRelationshipCollection - Parsing relationship: /_rels/.rels
13:22:01.724  [main] DEBUG org.apache.poi.ooxml.POIXMLFactory - using default POIXMLDocumentPart for http://schemas.openxmlformats.org/officeDocument/2006/relationships/printerSettings
13:22:01.794  [main] DEBUG org.apache.poi.openxml4j.opc.PackageRelationshipCollection - Parsing relationship: /xl/_rels/workbook.xml.rels
13:22:01.796  [main] DEBUG org.apache.poi.openxml4j.opc.PackageRelationshipCollection - Parsing relationship: /xl/worksheets/_rels/sheet1.xml.rels
13:22:01.798  [main] DEBUG org.apache.poi.openxml4j.opc.PackageRelationshipCollection - Parsing relationship: /_rels/.rels
13:22:01.834  [main] DEBUG org.apache.poi.ooxml.POIXMLFactory - using default POIXMLDocumentPart for http://schemas.openxmlformats.org/officeDocument/2006/relationships/printerSettings
13:22:01.889  [main] DEBUG org.apache.poi.openxml4j.opc.PackageRelationshipCollection - Parsing relationship: /xl/_rels/workbook.xml.rels
13:22:01.891  [main] DEBUG org.apache.poi.openxml4j.opc.PackageRelationshipCollection - Parsing relationship: /xl/worksheets/_rels/sheet1.xml.rels
13:22:01.893  [main] DEBUG org.apache.poi.openxml4j.opc.PackageRelationshipCollection - Parsing relationship: /_rels/.rels
13:22:01.917  [main] DEBUG org.apache.poi.ooxml.POIXMLFactory - using default POIXMLDocumentPart for http://schemas.openxmlformats.org/officeDocument/2006/relationships/printerSettings
13:22:01.993  [main] DEBUG org.apache.poi.openxml4j.opc.PackageRelationshipCollection - Parsing relationship: /xl/_rels/workbook.xml.rels
13:22:01.997  [main] DEBUG org.apache.poi.openxml4j.opc.PackageRelationshipCollection - Parsing relationship: /xl/worksheets/_rels/sheet1.xml.rels
13:22:02.000  [main] DEBUG org.apache.poi.openxml4j.opc.PackageRelationshipCollection - Parsing relationship: /_rels/.rels
13:22:02.035  [main] DEBUG org.apache.poi.ooxml.POIXMLFactory - using default POIXMLDocumentPart for http://schemas.openxmlformats.org/officeDocument/2006/relationships/printerSettings
13:22:02.074  [main] DEBUG org.apache.poi.openxml4j.opc.PackageRelationshipCollection - Parsing relationship: /xl/_rels/workbook.xml.rels
13:22:02.075  [main] DEBUG org.apache.poi.openxml4j.opc.PackageRelationshipCollection - Parsing relationship: /xl/worksheets/_rels/sheet1.xml.rels
13:22:02.077  [main] DEBUG org.apache.poi.openxml4j.opc.PackageRelationshipCollection - Parsing relationship: /_rels/.rels
13:22:02.102  [main] DEBUG org.apache.poi.ooxml.POIXMLFactory - using default POIXMLDocumentPart for http://schemas.openxmlformats.org/officeDocument/2006/relationships/printerSettings
13:22:02.147  [main] DEBUG org.apache.poi.openxml4j.opc.PackageRelationshipCollection - Parsing relationship: /xl/_rels/workbook.xml.rels
13:22:02.151  [main] DEBUG org.apache.poi.openxml4j.opc.PackageRelationshipCollection - Parsing relationship: /xl/worksheets/_rels/sheet1.xml.rels
13:22:02.153  [main] DEBUG org.apache.poi.openxml4j.opc.PackageRelationshipCollection - Parsing relationship: /_rels/.rels
13:22:02.216  [main] DEBUG org.apache.poi.ooxml.POIXMLFactory - using default POIXMLDocumentPart for http://schemas.openxmlformats.org/officeDocument/2006/relationships/printerSettings
13:22:02.261  [main] DEBUG org.apache.poi.openxml4j.opc.PackageRelationshipCollection - Parsing relationship: /xl/_rels/workbook.xml.rels
13:22:02.263  [main] DEBUG org.apache.poi.openxml4j.opc.PackageRelationshipCollection - Parsing relationship: /xl/worksheets/_rels/sheet1.xml.rels
13:22:02.264  [main] DEBUG org.apache.poi.openxml4j.opc.PackageRelationshipCollection - Parsing relationship: /_rels/.rels
13:22:02.310  [main] DEBUG org.apache.poi.ooxml.POIXMLFactory - using default POIXMLDocumentPart for http://schemas.openxmlformats.org/officeDocument/2006/relationships/printerSettings
13:22:02.371  [main] DEBUG org.apache.poi.openxml4j.opc.PackageRelationshipCollection - Parsing relationship: /xl/_rels/workbook.xml.rels
13:22:02.373  [main] DEBUG org.apache.poi.openxml4j.opc.PackageRelationshipCollection - Parsing relationship: /xl/worksheets/_rels/sheet1.xml.rels
13:22:02.374  [main] DEBUG org.apache.poi.openxml4j.opc.PackageRelationshipCollection - Parsing relationship: /_rels/.rels
13:22:02.395  [main] DEBUG org.apache.poi.ooxml.POIXMLFactory - using default POIXMLDocumentPart for http://schemas.openxmlformats.org/officeDocument/2006/relationships/printerSettings
13:22:02.433  [main] DEBUG io.github.bonigarcia.wdm.WebDriverManager - Using WebDriverManager 5.9.2
13:22:02.461  [main] DEBUG io.github.bonigarcia.wdm.cache.ResolutionCache - Resolution chrome=131 in cache (valid until 14:16:40 10/01/2025 IST)
13:22:02.463  [main] DEBUG io.github.bonigarcia.wdm.cache.ResolutionCache - Resolution chrome131=131.0.6778.264 in cache (valid until 13:16:40 11/01/2025 IST)
13:22:02.463  [main] INFO  io.github.bonigarcia.wdm.WebDriverManager - Using chromedriver 131.0.6778.264 (resolved driver for Chrome 131)
13:22:02.515  [main] DEBUG io.github.bonigarcia.wdm.WebDriverManager - Driver chromedriver 131.0.6778.264 found in cache
13:22:02.518  [main] INFO  io.github.bonigarcia.wdm.WebDriverManager - Exporting webdriver.chrome.driver as C:\Users\Admin\.cache\selenium\chromedriver\win64\131.0.6778.264\chromedriver.exe
13:22:07.492  [main] INFO  com.swagLabs.utilities.LogUtils - [Thread: 1] ********************************************************
13:22:07.492  [main] INFO  com.swagLabs.utilities.LogUtils - [Thread: 1] ***** <<<<< Starting verifyCheckoutFunctionality >>>>> *****
13:22:07.492  [main] INFO  com.swagLabs.utilities.LogUtils - [Thread: 1] Opened login page.
13:22:07.756  [main] INFO  com.swagLabs.utilities.LogUtils - [Thread: 1] Element is clickable: [[ChromeDriver: chrome on windows (de5df1af3eaa4411302526bb0f75dd2d)] -> xpath: //input[@data-test='username']]
13:22:07.993  [main] INFO  com.swagLabs.utilities.LogUtils - [Thread: 1] Entered '{}' into element: {}standard_user[[ChromeDriver: chrome on windows (de5df1af3eaa4411302526bb0f75dd2d)] -> xpath: //input[@data-test='username']]
13:22:08.052  [main] INFO  com.swagLabs.utilities.LogUtils - [Thread: 1] Element is clickable: [[ChromeDriver: chrome on windows (de5df1af3eaa4411302526bb0f75dd2d)] -> xpath: //input[@data-test='password']]
13:22:08.206  [main] INFO  com.swagLabs.utilities.LogUtils - [Thread: 1] Entered '{}' into element: {}secret_sauce[[ChromeDriver: chrome on windows (de5df1af3eaa4411302526bb0f75dd2d)] -> xpath: //input[@data-test='password']]
13:22:08.206  [main] INFO  com.swagLabs.utilities.LogUtils - [Thread: 1] Entered username and password.
13:22:08.376  [main] INFO  com.swagLabs.utilities.LogUtils - [Thread: 1] Element is clickable: [[ChromeDriver: chrome on windows (de5df1af3eaa4411302526bb0f75dd2d)] -> xpath: //input[@data-test='login-button']]
13:22:13.605  [main] INFO  com.swagLabs.utilities.LogUtils - [Thread: 1] Clicked successfully: Proxy element for: DefaultElementLocator 'By.xpath: //input[@data-test='login-button']'
13:22:16.610  [main] INFO  com.swagLabs.utilities.LogUtils - [Thread: 1] Logged in Successfully!
13:22:16.789  [main] INFO  com.swagLabs.utilities.LogUtils - [Thread: 1] Scrolled to the element: [[ChromeDriver: chrome on windows (de5df1af3eaa4411302526bb0f75dd2d)] -> xpath: //button[text()='Add to cart']]
13:22:16.817  [main] INFO  com.swagLabs.utilities.LogUtils - [Thread: 1] Element is clickable: [[ChromeDriver: chrome on windows (de5df1af3eaa4411302526bb0f75dd2d)] -> xpath: //button[text()='Add to cart']]
13:22:16.902  [main] INFO  com.swagLabs.utilities.LogUtils - [Thread: 1] Clicked successfully: [[ChromeDriver: chrome on windows (de5df1af3eaa4411302526bb0f75dd2d)] -> xpath: //button[text()='Add to cart']]
13:22:16.902  [main] INFO  com.swagLabs.utilities.LogUtils - [Thread: 1] Clicked successfully on element at index 5: [[ChromeDriver: chrome on windows (de5df1af3eaa4411302526bb0f75dd2d)] -> xpath: //button[text()='Add to cart']]
13:22:16.934  [main] INFO  com.swagLabs.utilities.LogUtils - [Thread: 1] Scrolled to the element: [[ChromeDriver: chrome on windows (de5df1af3eaa4411302526bb0f75dd2d)] -> xpath: //button[text()='Add to cart']]
13:22:16.961  [main] INFO  com.swagLabs.utilities.LogUtils - [Thread: 1] Element is clickable: [[ChromeDriver: chrome on windows (de5df1af3eaa4411302526bb0f75dd2d)] -> xpath: //button[text()='Add to cart']]
13:22:17.036  [main] INFO  com.swagLabs.utilities.LogUtils - [Thread: 1] Clicked successfully: [[ChromeDriver: chrome on windows (de5df1af3eaa4411302526bb0f75dd2d)] -> xpath: //button[text()='Add to cart']]
13:22:17.036  [main] INFO  com.swagLabs.utilities.LogUtils - [Thread: 1] Clicked successfully on element at index 4: [[ChromeDriver: chrome on windows (de5df1af3eaa4411302526bb0f75dd2d)] -> xpath: //button[text()='Add to cart']]
13:22:17.076  [main] INFO  com.swagLabs.utilities.LogUtils - [Thread: 1] Scrolled to the element: [[ChromeDriver: chrome on windows (de5df1af3eaa4411302526bb0f75dd2d)] -> xpath: //button[text()='Add to cart']]
13:22:17.102  [main] INFO  com.swagLabs.utilities.LogUtils - [Thread: 1] Element is clickable: [[ChromeDriver: chrome on windows (de5df1af3eaa4411302526bb0f75dd2d)] -> xpath: //button[text()='Add to cart']]
13:22:17.180  [main] INFO  com.swagLabs.utilities.LogUtils - [Thread: 1] Clicked successfully: [[ChromeDriver: chrome on windows (de5df1af3eaa4411302526bb0f75dd2d)] -> xpath: //button[text()='Add to cart']]
13:22:17.180  [main] INFO  com.swagLabs.utilities.LogUtils - [Thread: 1] Clicked successfully on element at index 3: [[ChromeDriver: chrome on windows (de5df1af3eaa4411302526bb0f75dd2d)] -> xpath: //button[text()='Add to cart']]
13:22:17.202  [main] INFO  com.swagLabs.utilities.LogUtils - [Thread: 1] Scrolled to the element: [[ChromeDriver: chrome on windows (de5df1af3eaa4411302526bb0f75dd2d)] -> xpath: //button[text()='Add to cart']]
13:22:17.223  [main] INFO  com.swagLabs.utilities.LogUtils - [Thread: 1] Element is clickable: [[ChromeDriver: chrome on windows (de5df1af3eaa4411302526bb0f75dd2d)] -> xpath: //button[text()='Add to cart']]
13:22:17.322  [main] INFO  com.swagLabs.utilities.LogUtils - [Thread: 1] Clicked successfully: [[ChromeDriver: chrome on windows (de5df1af3eaa4411302526bb0f75dd2d)] -> xpath: //button[text()='Add to cart']]
13:22:17.322  [main] INFO  com.swagLabs.utilities.LogUtils - [Thread: 1] Clicked successfully on element at index 2: [[ChromeDriver: chrome on windows (de5df1af3eaa4411302526bb0f75dd2d)] -> xpath: //button[text()='Add to cart']]
13:22:17.356  [main] INFO  com.swagLabs.utilities.LogUtils - [Thread: 1] Scrolled to the element: [[ChromeDriver: chrome on windows (de5df1af3eaa4411302526bb0f75dd2d)] -> xpath: //button[text()='Add to cart']]
13:22:17.387  [main] INFO  com.swagLabs.utilities.LogUtils - [Thread: 1] Element is clickable: [[ChromeDriver: chrome on windows (de5df1af3eaa4411302526bb0f75dd2d)] -> xpath: //button[text()='Add to cart']]
13:22:17.501  [main] INFO  com.swagLabs.utilities.LogUtils - [Thread: 1] Clicked successfully: [[ChromeDriver: chrome on windows (de5df1af3eaa4411302526bb0f75dd2d)] -> xpath: //button[text()='Add to cart']]
13:22:17.501  [main] INFO  com.swagLabs.utilities.LogUtils - [Thread: 1] Clicked successfully on element at index 1: [[ChromeDriver: chrome on windows (de5df1af3eaa4411302526bb0f75dd2d)] -> xpath: //button[text()='Add to cart']]
13:22:17.532  [main] INFO  com.swagLabs.utilities.LogUtils - [Thread: 1] Scrolled to the element: [[ChromeDriver: chrome on windows (de5df1af3eaa4411302526bb0f75dd2d)] -> xpath: //button[text()='Add to cart']]
13:22:17.563  [main] INFO  com.swagLabs.utilities.LogUtils - [Thread: 1] Element is clickable: [[ChromeDriver: chrome on windows (de5df1af3eaa4411302526bb0f75dd2d)] -> xpath: //button[text()='Add to cart']]
13:22:17.657  [main] INFO  com.swagLabs.utilities.LogUtils - [Thread: 1] Clicked successfully: [[ChromeDriver: chrome on windows (de5df1af3eaa4411302526bb0f75dd2d)] -> xpath: //button[text()='Add to cart']]
13:22:17.657  [main] INFO  com.swagLabs.utilities.LogUtils - [Thread: 1] Clicked successfully on element at index 0: [[ChromeDriver: chrome on windows (de5df1af3eaa4411302526bb0f75dd2d)] -> xpath: //button[text()='Add to cart']]
13:22:22.661  [main] INFO  com.swagLabs.utilities.LogUtils - [Thread: 1] Added all products to the cart.
13:22:22.862  [main] INFO  com.swagLabs.utilities.LogUtils - [Thread: 1] Element is clickable: [[ChromeDriver: chrome on windows (de5df1af3eaa4411302526bb0f75dd2d)] -> xpath: //div[@class='shopping_cart_container']]
13:22:23.015  [main] INFO  com.swagLabs.utilities.LogUtils - [Thread: 1] Clicked successfully: [[ChromeDriver: chrome on windows (de5df1af3eaa4411302526bb0f75dd2d)] -> xpath: //div[@class='shopping_cart_container']]
13:22:26.021  [main] INFO  com.swagLabs.utilities.LogUtils - [Thread: 1] Opened open cart page.
13:22:26.197  [main] INFO  com.swagLabs.utilities.LogUtils - [Thread: 1] Scrolled to the element: [[ChromeDriver: chrome on windows (de5df1af3eaa4411302526bb0f75dd2d)] -> xpath: //button[text()='Checkout']]
13:22:29.200  [main] INFO  com.swagLabs.utilities.LogUtils - [Thread: 1] Scrolled to Checkout button.
13:22:29.408  [main] INFO  com.swagLabs.utilities.LogUtils - [Thread: 1] Element is clickable: [[ChromeDriver: chrome on windows (de5df1af3eaa4411302526bb0f75dd2d)] -> xpath: //button[text()='Checkout']]
13:22:34.574  [main] INFO  com.swagLabs.utilities.LogUtils - [Thread: 1] Clicked successfully: Proxy element for: DefaultElementLocator 'By.xpath: //button[text()='Checkout']'
13:22:37.588  [main] INFO  com.swagLabs.utilities.LogUtils - [Thread: 1] Checkout page opened.
13:22:37.785  [main] INFO  com.swagLabs.utilities.LogUtils - [Thread: 1] Element is clickable: [[ChromeDriver: chrome on windows (de5df1af3eaa4411302526bb0f75dd2d)] -> xpath: //*[@id='first-name']]
13:22:38.051  [main] INFO  com.swagLabs.utilities.LogUtils - [Thread: 1] Entered '{}' into element: {}Krushna[[ChromeDriver: chrome on windows (de5df1af3eaa4411302526bb0f75dd2d)] -> xpath: //*[@id='first-name']]
13:22:38.125  [main] INFO  com.swagLabs.utilities.LogUtils - [Thread: 1] Element is clickable: [[ChromeDriver: chrome on windows (de5df1af3eaa4411302526bb0f75dd2d)] -> xpath: //*[@id='last-name']]
13:22:38.289  [main] INFO  com.swagLabs.utilities.LogUtils - [Thread: 1] Entered '{}' into element: {}Patare[[ChromeDriver: chrome on windows (de5df1af3eaa4411302526bb0f75dd2d)] -> xpath: //*[@id='last-name']]
13:22:38.350  [main] INFO  com.swagLabs.utilities.LogUtils - [Thread: 1] Element is clickable: [[ChromeDriver: chrome on windows (de5df1af3eaa4411302526bb0f75dd2d)] -> xpath: //*[@id='postal-code']]
13:22:38.541  [main] INFO  com.swagLabs.utilities.LogUtils - [Thread: 1] Entered '{}' into element: {}411016[[ChromeDriver: chrome on windows (de5df1af3eaa4411302526bb0f75dd2d)] -> xpath: //*[@id='postal-code']]
13:22:41.545  [main] INFO  com.swagLabs.utilities.LogUtils - [Thread: 1] Entered firstname, lastname, postalCode.
13:22:44.717  [main] INFO  com.swagLabs.utilities.LogUtils - [Thread: 1] Element is clickable: [[ChromeDriver: chrome on windows (de5df1af3eaa4411302526bb0f75dd2d)] -> xpath: //input[@name='continue']]
13:22:49.902  [main] INFO  com.swagLabs.utilities.LogUtils - [Thread: 1] Clicked successfully: Proxy element for: DefaultElementLocator 'By.xpath: //input[@name='continue']'
13:22:49.902  [main] INFO  com.swagLabs.utilities.LogUtils - [Thread: 1] Opened checkout complete page.
13:22:50.098  [main] INFO  com.swagLabs.utilities.LogUtils - [Thread: 1] Element is clickable: [[ChromeDriver: chrome on windows (de5df1af3eaa4411302526bb0f75dd2d)] -> xpath: //*[@id='react-burger-menu-btn']]
13:22:50.206  [main] INFO  com.swagLabs.utilities.LogUtils - [Thread: 1] Clicked successfully: [[ChromeDriver: chrome on windows (de5df1af3eaa4411302526bb0f75dd2d)] -> xpath: //*[@id='react-burger-menu-btn']]
13:22:52.274  [main] INFO  com.swagLabs.utilities.LogUtils - [Thread: 1] Element is clickable: [[ChromeDriver: chrome on windows (de5df1af3eaa4411302526bb0f75dd2d)] -> xpath: //*[@id='logout_sidebar_link']]
13:22:57.438  [main] INFO  com.swagLabs.utilities.LogUtils - [Thread: 1] Clicked successfully: Proxy element for: DefaultElementLocator 'By.xpath: //*[@id='logout_sidebar_link']'
13:22:59.447  [main] INFO  com.swagLabs.utilities.LogUtils - [Thread: 1] For 'pass' condition https://www.saucedemo.com/checkout-step-two.html https://www.saucedemo.com/checkout-complete.html
13:22:59.456  [main] ERROR com.swagLabs.utilities.LogUtils - [Thread: 1] Test failed due to assertion error: Page Url should match. expected [https://www.saucedemo.com/checkout-complete.html] but found [https://www.saucedemo.com/checkout-step-two.html]
13:22:59.456  [main] ERROR com.swagLabs.utilities.LogUtils - [Thread: 1] An error occurred: Page Url should match. expected [https://www.saucedemo.com/checkout-complete.html] but found [https://www.saucedemo.com/checkout-step-two.html]
java.lang.AssertionError: Page Url should match. expected [https://www.saucedemo.com/checkout-complete.html] but found [https://www.saucedemo.com/checkout-step-two.html]
	at org.testng.Assert.fail(Assert.java:111) ~[org.testng_7.10.1.r202404130807.jar:7.10.1]
	at org.testng.Assert.failNotEquals(Assert.java:1578) ~[org.testng_7.10.1.r202404130807.jar:7.10.1]
	at org.testng.Assert.assertEqualsImpl(Assert.java:150) ~[org.testng_7.10.1.r202404130807.jar:7.10.1]
	at org.testng.Assert.assertEquals(Assert.java:132) ~[org.testng_7.10.1.r202404130807.jar:7.10.1]
	at org.testng.Assert.assertEquals(Assert.java:656) ~[org.testng_7.10.1.r202404130807.jar:7.10.1]
	at com.swagLabs.tests.CheckoutPageTest.verifyCheckoutFunctionality(CheckoutPageTest.java:73) ~[test-classes/:?]
	at java.base/jdk.internal.reflect.NativeMethodAccessorImpl.invoke0(Native Method) ~[?:?]
	at java.base/jdk.internal.reflect.NativeMethodAccessorImpl.invoke(NativeMethodAccessorImpl.java:77) ~[?:?]
	at java.base/jdk.internal.reflect.DelegatingMethodAccessorImpl.invoke(DelegatingMethodAccessorImpl.java:43) ~[?:?]
	at java.base/java.lang.reflect.Method.invoke(Method.java:568) ~[?:?]
	at org.testng.internal.invokers.MethodInvocationHelper.invokeMethod(MethodInvocationHelper.java:141) ~[org.testng_7.10.1.r202404130807.jar:7.10.1]
	at org.testng.internal.invokers.TestInvoker.invokeMethod(TestInvoker.java:686) ~[org.testng_7.10.1.r202404130807.jar:7.10.1]
	at org.testng.internal.invokers.TestInvoker.invokeTestMethod(TestInvoker.java:230) ~[org.testng_7.10.1.r202404130807.jar:7.10.1]
	at org.testng.internal.invokers.MethodRunner.runInSequence(MethodRunner.java:63) ~[org.testng_7.10.1.r202404130807.jar:7.10.1]
	at org.testng.internal.invokers.TestInvoker$MethodInvocationAgent.invoke(TestInvoker.java:992) ~[org.testng_7.10.1.r202404130807.jar:7.10.1]
	at org.testng.internal.invokers.TestInvoker.invokeTestMethods(TestInvoker.java:203) ~[org.testng_7.10.1.r202404130807.jar:7.10.1]
	at org.testng.internal.invokers.TestMethodWorker.invokeTestMethods(TestMethodWorker.java:154) ~[org.testng_7.10.1.r202404130807.jar:7.10.1]
	at org.testng.internal.invokers.TestMethodWorker.run(TestMethodWorker.java:134) ~[org.testng_7.10.1.r202404130807.jar:7.10.1]
	at java.base/java.util.ArrayList.forEach(ArrayList.java:1511) [?:?]
	at org.testng.TestRunner.privateRun(TestRunner.java:739) [org.testng_7.10.1.r202404130807.jar:7.10.1]
	at org.testng.TestRunner.run(TestRunner.java:614) [org.testng_7.10.1.r202404130807.jar:7.10.1]
	at org.testng.SuiteRunner.runTest(SuiteRunner.java:421) [org.testng_7.10.1.r202404130807.jar:7.10.1]
	at org.testng.SuiteRunner.runSequentially(SuiteRunner.java:413) [org.testng_7.10.1.r202404130807.jar:7.10.1]
	at org.testng.SuiteRunner.privateRun(SuiteRunner.java:373) [org.testng_7.10.1.r202404130807.jar:7.10.1]
	at org.testng.SuiteRunner.run(SuiteRunner.java:312) [org.testng_7.10.1.r202404130807.jar:7.10.1]
	at org.testng.SuiteRunnerWorker.runSuite(SuiteRunnerWorker.java:52) [org.testng_7.10.1.r202404130807.jar:7.10.1]
	at org.testng.SuiteRunnerWorker.run(SuiteRunnerWorker.java:95) [org.testng_7.10.1.r202404130807.jar:7.10.1]
	at org.testng.TestNG.runSuitesSequentially(TestNG.java:1274) [org.testng_7.10.1.r202404130807.jar:7.10.1]
	at org.testng.TestNG.runSuitesLocally(TestNG.java:1208) [org.testng_7.10.1.r202404130807.jar:7.10.1]
	at org.testng.TestNG.runSuites(TestNG.java:1112) [org.testng_7.10.1.r202404130807.jar:7.10.1]
	at org.testng.TestNG.run(TestNG.java:1079) [org.testng_7.10.1.r202404130807.jar:7.10.1]
	at org.testng.remote.AbstractRemoteTestNG.run(AbstractRemoteTestNG.java:115) [testng-remote.jar:?]
	at org.testng.remote.RemoteTestNG.initAndRun(RemoteTestNG.java:293) [testng-remote.jar:?]
	at org.testng.remote.RemoteTestNG.main(RemoteTestNG.java:91) [testng-remote.jar:?]
13:22:59.465  [main] INFO  com.swagLabs.utilities.LogUtils - [Thread: 1] ***** Finished verifyCheckoutFunctionality *****
13:22:59.466  [main] INFO  com.swagLabs.utilities.LogUtils - [Thread: 1] ********************************************
13:22:59.963  [main] DEBUG io.github.bonigarcia.wdm.WebDriverManager - Using WebDriverManager 5.9.2
13:22:59.983  [main] DEBUG io.github.bonigarcia.wdm.cache.ResolutionCache - Resolution chrome=131 in cache (valid until 14:16:40 10/01/2025 IST)
13:22:59.984  [main] DEBUG io.github.bonigarcia.wdm.cache.ResolutionCache - Resolution chrome131=131.0.6778.264 in cache (valid until 13:16:40 11/01/2025 IST)
13:22:59.984  [main] INFO  io.github.bonigarcia.wdm.WebDriverManager - Using chromedriver 131.0.6778.264 (resolved driver for Chrome 131)
13:23:00.014  [main] DEBUG io.github.bonigarcia.wdm.WebDriverManager - Driver chromedriver 131.0.6778.264 found in cache
13:23:00.016  [main] INFO  io.github.bonigarcia.wdm.WebDriverManager - Exporting webdriver.chrome.driver as C:\Users\Admin\.cache\selenium\chromedriver\win64\131.0.6778.264\chromedriver.exe
13:23:05.410  [main] INFO  com.swagLabs.utilities.LogUtils - [Thread: 1] ********************************************************
13:23:05.410  [main] INFO  com.swagLabs.utilities.LogUtils - [Thread: 1] ***** <<<<< Starting verifyCheckoutFunctionality >>>>> *****
13:23:05.411  [main] INFO  com.swagLabs.utilities.LogUtils - [Thread: 1] Opened login page.
13:23:05.603  [main] INFO  com.swagLabs.utilities.LogUtils - [Thread: 1] Element is clickable: [[ChromeDriver: chrome on windows (84ec71084132f988afe949b2ba0e753e)] -> xpath: //input[@data-test='username']]
13:23:05.819  [main] INFO  com.swagLabs.utilities.LogUtils - [Thread: 1] Entered '{}' into element: {}standard_user[[ChromeDriver: chrome on windows (84ec71084132f988afe949b2ba0e753e)] -> xpath: //input[@data-test='username']]
13:23:05.881  [main] INFO  com.swagLabs.utilities.LogUtils - [Thread: 1] Element is clickable: [[ChromeDriver: chrome on windows (84ec71084132f988afe949b2ba0e753e)] -> xpath: //input[@data-test='password']]
13:23:06.102  [main] INFO  com.swagLabs.utilities.LogUtils - [Thread: 1] Entered '{}' into element: {}secret_sauce[[ChromeDriver: chrome on windows (84ec71084132f988afe949b2ba0e753e)] -> xpath: //input[@data-test='password']]
13:23:06.102  [main] INFO  com.swagLabs.utilities.LogUtils - [Thread: 1] Entered username and password.
13:23:06.329  [main] INFO  com.swagLabs.utilities.LogUtils - [Thread: 1] Element is clickable: [[ChromeDriver: chrome on windows (84ec71084132f988afe949b2ba0e753e)] -> xpath: //input[@data-test='login-button']]
13:23:11.705  [main] INFO  com.swagLabs.utilities.LogUtils - [Thread: 1] Clicked successfully: Proxy element for: DefaultElementLocator 'By.xpath: //input[@data-test='login-button']'
13:23:14.709  [main] INFO  com.swagLabs.utilities.LogUtils - [Thread: 1] Logged in Successfully!
13:23:14.929  [main] INFO  com.swagLabs.utilities.LogUtils - [Thread: 1] Scrolled to the element: [[ChromeDriver: chrome on windows (84ec71084132f988afe949b2ba0e753e)] -> xpath: //button[text()='Add to cart']]
13:23:14.968  [main] INFO  com.swagLabs.utilities.LogUtils - [Thread: 1] Element is clickable: [[ChromeDriver: chrome on windows (84ec71084132f988afe949b2ba0e753e)] -> xpath: //button[text()='Add to cart']]
13:23:15.092  [main] INFO  com.swagLabs.utilities.LogUtils - [Thread: 1] Clicked successfully: [[ChromeDriver: chrome on windows (84ec71084132f988afe949b2ba0e753e)] -> xpath: //button[text()='Add to cart']]
13:23:15.092  [main] INFO  com.swagLabs.utilities.LogUtils - [Thread: 1] Clicked successfully on element at index 5: [[ChromeDriver: chrome on windows (84ec71084132f988afe949b2ba0e753e)] -> xpath: //button[text()='Add to cart']]
13:23:15.156  [main] INFO  com.swagLabs.utilities.LogUtils - [Thread: 1] Scrolled to the element: [[ChromeDriver: chrome on windows (84ec71084132f988afe949b2ba0e753e)] -> xpath: //button[text()='Add to cart']]
13:23:15.187  [main] INFO  com.swagLabs.utilities.LogUtils - [Thread: 1] Element is clickable: [[ChromeDriver: chrome on windows (84ec71084132f988afe949b2ba0e753e)] -> xpath: //button[text()='Add to cart']]
13:23:15.288  [main] INFO  com.swagLabs.utilities.LogUtils - [Thread: 1] Clicked successfully: [[ChromeDriver: chrome on windows (84ec71084132f988afe949b2ba0e753e)] -> xpath: //button[text()='Add to cart']]
13:23:15.288  [main] INFO  com.swagLabs.utilities.LogUtils - [Thread: 1] Clicked successfully on element at index 4: [[ChromeDriver: chrome on windows (84ec71084132f988afe949b2ba0e753e)] -> xpath: //button[text()='Add to cart']]
13:23:15.319  [main] INFO  com.swagLabs.utilities.LogUtils - [Thread: 1] Scrolled to the element: [[ChromeDriver: chrome on windows (84ec71084132f988afe949b2ba0e753e)] -> xpath: //button[text()='Add to cart']]
13:23:15.406  [main] INFO  com.swagLabs.utilities.LogUtils - [Thread: 1] Element is clickable: [[ChromeDriver: chrome on windows (84ec71084132f988afe949b2ba0e753e)] -> xpath: //button[text()='Add to cart']]
13:23:15.512  [main] INFO  com.swagLabs.utilities.LogUtils - [Thread: 1] Clicked successfully: [[ChromeDriver: chrome on windows (84ec71084132f988afe949b2ba0e753e)] -> xpath: //button[text()='Add to cart']]
13:23:15.512  [main] INFO  com.swagLabs.utilities.LogUtils - [Thread: 1] Clicked successfully on element at index 3: [[ChromeDriver: chrome on windows (84ec71084132f988afe949b2ba0e753e)] -> xpath: //button[text()='Add to cart']]
13:23:15.552  [main] INFO  com.swagLabs.utilities.LogUtils - [Thread: 1] Scrolled to the element: [[ChromeDriver: chrome on windows (84ec71084132f988afe949b2ba0e753e)] -> xpath: //button[text()='Add to cart']]
13:23:15.578  [main] INFO  com.swagLabs.utilities.LogUtils - [Thread: 1] Element is clickable: [[ChromeDriver: chrome on windows (84ec71084132f988afe949b2ba0e753e)] -> xpath: //button[text()='Add to cart']]
13:23:15.707  [main] INFO  com.swagLabs.utilities.LogUtils - [Thread: 1] Clicked successfully: [[ChromeDriver: chrome on windows (84ec71084132f988afe949b2ba0e753e)] -> xpath: //button[text()='Add to cart']]
13:23:15.707  [main] INFO  com.swagLabs.utilities.LogUtils - [Thread: 1] Clicked successfully on element at index 2: [[ChromeDriver: chrome on windows (84ec71084132f988afe949b2ba0e753e)] -> xpath: //button[text()='Add to cart']]
13:23:15.757  [main] INFO  com.swagLabs.utilities.LogUtils - [Thread: 1] Scrolled to the element: [[ChromeDriver: chrome on windows (84ec71084132f988afe949b2ba0e753e)] -> xpath: //button[text()='Add to cart']]
13:23:15.785  [main] INFO  com.swagLabs.utilities.LogUtils - [Thread: 1] Element is clickable: [[ChromeDriver: chrome on windows (84ec71084132f988afe949b2ba0e753e)] -> xpath: //button[text()='Add to cart']]
13:23:15.886  [main] INFO  com.swagLabs.utilities.LogUtils - [Thread: 1] Clicked successfully: [[ChromeDriver: chrome on windows (84ec71084132f988afe949b2ba0e753e)] -> xpath: //button[text()='Add to cart']]
13:23:15.887  [main] INFO  com.swagLabs.utilities.LogUtils - [Thread: 1] Clicked successfully on element at index 1: [[ChromeDriver: chrome on windows (84ec71084132f988afe949b2ba0e753e)] -> xpath: //button[text()='Add to cart']]
13:23:15.917  [main] INFO  com.swagLabs.utilities.LogUtils - [Thread: 1] Scrolled to the element: [[ChromeDriver: chrome on windows (84ec71084132f988afe949b2ba0e753e)] -> xpath: //button[text()='Add to cart']]
13:23:15.948  [main] INFO  com.swagLabs.utilities.LogUtils - [Thread: 1] Element is clickable: [[ChromeDriver: chrome on windows (84ec71084132f988afe949b2ba0e753e)] -> xpath: //button[text()='Add to cart']]
13:23:16.050  [main] INFO  com.swagLabs.utilities.LogUtils - [Thread: 1] Clicked successfully: [[ChromeDriver: chrome on windows (84ec71084132f988afe949b2ba0e753e)] -> xpath: //button[text()='Add to cart']]
13:23:16.050  [main] INFO  com.swagLabs.utilities.LogUtils - [Thread: 1] Clicked successfully on element at index 0: [[ChromeDriver: chrome on windows (84ec71084132f988afe949b2ba0e753e)] -> xpath: //button[text()='Add to cart']]
13:23:21.056  [main] INFO  com.swagLabs.utilities.LogUtils - [Thread: 1] Added all products to the cart.
13:23:21.266  [main] INFO  com.swagLabs.utilities.LogUtils - [Thread: 1] Element is clickable: [[ChromeDriver: chrome on windows (84ec71084132f988afe949b2ba0e753e)] -> xpath: //div[@class='shopping_cart_container']]
13:23:21.400  [main] INFO  com.swagLabs.utilities.LogUtils - [Thread: 1] Clicked successfully: [[ChromeDriver: chrome on windows (84ec71084132f988afe949b2ba0e753e)] -> xpath: //div[@class='shopping_cart_container']]
13:23:24.413  [main] INFO  com.swagLabs.utilities.LogUtils - [Thread: 1] Opened open cart page.
13:23:24.576  [main] INFO  com.swagLabs.utilities.LogUtils - [Thread: 1] Scrolled to the element: [[ChromeDriver: chrome on windows (84ec71084132f988afe949b2ba0e753e)] -> xpath: //button[text()='Checkout']]
13:23:27.583  [main] INFO  com.swagLabs.utilities.LogUtils - [Thread: 1] Scrolled to Checkout button.
13:23:27.756  [main] INFO  com.swagLabs.utilities.LogUtils - [Thread: 1] Element is clickable: [[ChromeDriver: chrome on windows (84ec71084132f988afe949b2ba0e753e)] -> xpath: //button[text()='Checkout']]
