19:31:19.728  [main] INFO  org.testng.internal.Utils - [Utils] MethodGroupsHelper.sortMethods() took 0 ms.
19:31:19.737  [main] INFO  org.testng.internal.Utils - [Utils] MethodGroupsHelper.collectMethodsByGroup() took 0 ms.
19:31:19.738  [main] INFO  org.testng.internal.Utils - [Utils] MethodGroupsHelper.sortMethods() took 0 ms.
19:31:19.739  [main] INFO  org.testng.internal.Utils - [Utils] MethodGroupsHelper.collectMethodsByGroup() took 0 ms.
19:31:19.739  [main] INFO  org.testng.internal.Utils - [Utils] MethodGroupsHelper.sortMethods() took 0 ms.
19:31:19.752  [main] INFO  org.testng.internal.Utils - [Utils] MethodGroupsHelper.collectMethodsByGroup() took 5 ms.
19:31:19.769  [main] INFO  org.testng.internal.Utils - [Utils] MethodGroupsHelper.sortMethods() took 16 ms.
19:31:19.773  [main] INFO  org.testng.internal.Utils - [Utils] MethodGroupsHelper.collectMethodsByGroup() took 0 ms.
19:31:19.774  [main] INFO  org.testng.internal.Utils - [Utils] MethodGroupsHelper.sortMethods() took 1 ms.
19:31:19.779  [main] INFO  org.testng.internal.Utils - [Utils] MethodGroupsHelper.collectMethodsByGroup() took 0 ms.
19:31:19.779  [main] INFO  org.testng.internal.Utils - [Utils] MethodGroupsHelper.sortMethods() took 0 ms.
19:31:19.779  [main] INFO  org.testng.internal.Utils - [Utils] MethodGroupsHelper.collectMethodsByGroup() took 0 ms.
19:31:19.779  [main] INFO  org.testng.internal.Utils - [Utils] MethodGroupsHelper.sortMethods() took 0 ms.
19:31:19.781  [main] INFO  org.testng.internal.Utils - [Utils] MethodGroupsHelper.collectMethodsByGroup() took 0 ms.
19:31:19.781  [main] INFO  org.testng.internal.Utils - [Utils] MethodGroupsHelper.sortMethods() took 0 ms.
19:31:19.784  [main] INFO  org.testng.internal.Utils - [Utils] MethodGroupsHelper.collectMethodsByGroup() took 0 ms.
19:31:19.784  [main] INFO  org.testng.internal.Utils - [Utils] MethodGroupsHelper.sortMethods() took 0 ms.
19:31:19.784  [main] INFO  org.testng.internal.Utils - [Utils] MethodGroupsHelper.collectMethodsByGroup() took 0 ms.
19:31:19.785  [main] INFO  org.testng.internal.Utils - [Utils] MethodGroupsHelper.sortMethods() took 0 ms.
19:31:19.802  [main] INFO  org.testng.internal.Utils - [TestNG] Running:
  C:\Users\Admin\AppData\Local\Temp\testng-eclipse--669231145\testng-customsuite.xml

19:31:20.265  [main] INFO  org.testng.internal.Utils - [Utils] DynamicGraphHelper.createDynamicGraph() took 34 ms.
19:31:20.317  [main] INFO  com.swagLabs.utilities.XLUtility - XLUtility initialized with file path: F:\WorkSpace\SwagLabs-Ecommerce\src\test\resources\testdata\testdata.xlsx
19:31:20.317  [main] INFO  com.swagLabs.utilities.XLUtility - Getting row count for sheet: Credentials
19:31:20.581  [main] DEBUG org.apache.poi.openxml4j.opc.PackageRelationshipCollection - Parsing relationship: /xl/_rels/workbook.xml.rels
19:31:20.596  [main] DEBUG org.apache.poi.openxml4j.opc.PackageRelationshipCollection - Parsing relationship: /xl/worksheets/_rels/sheet1.xml.rels
19:31:20.601  [main] DEBUG org.apache.poi.openxml4j.opc.PackageRelationshipCollection - Parsing relationship: /_rels/.rels
19:31:21.637  [main] DEBUG org.apache.poi.ooxml.POIXMLFactory - using default POIXMLDocumentPart for http://schemas.openxmlformats.org/officeDocument/2006/relationships/printerSettings
19:31:21.871  [main] DEBUG com.swagLabs.utilities.XLUtility - Row count for sheet Credentials: 4
19:31:21.871  [main] INFO  com.swagLabs.utilities.XLUtility - Getting cell count for sheet: Credentials, row: 0
19:31:21.889  [main] DEBUG org.apache.poi.openxml4j.opc.PackageRelationshipCollection - Parsing relationship: /xl/_rels/workbook.xml.rels
19:31:21.891  [main] DEBUG org.apache.poi.openxml4j.opc.PackageRelationshipCollection - Parsing relationship: /xl/worksheets/_rels/sheet1.xml.rels
19:31:21.893  [main] DEBUG org.apache.poi.openxml4j.opc.PackageRelationshipCollection - Parsing relationship: /_rels/.rels
19:31:21.954  [main] DEBUG org.apache.poi.ooxml.POIXMLFactory - using default POIXMLDocumentPart for http://schemas.openxmlformats.org/officeDocument/2006/relationships/printerSettings
19:31:21.982  [main] DEBUG com.swagLabs.utilities.XLUtility - Cell count for sheet: Credentials, row: 0: 3
19:31:21.982  [main] INFO  com.swagLabs.utilities.XLUtility - Fetching cell data from sheet: Credentials, row: 1, column: 0
19:31:22.002  [main] DEBUG org.apache.poi.openxml4j.opc.PackageRelationshipCollection - Parsing relationship: /xl/_rels/workbook.xml.rels
19:31:22.004  [main] DEBUG org.apache.poi.openxml4j.opc.PackageRelationshipCollection - Parsing relationship: /xl/worksheets/_rels/sheet1.xml.rels
19:31:22.006  [main] DEBUG org.apache.poi.openxml4j.opc.PackageRelationshipCollection - Parsing relationship: /_rels/.rels
19:31:22.049  [main] DEBUG org.apache.poi.ooxml.POIXMLFactory - using default POIXMLDocumentPart for http://schemas.openxmlformats.org/officeDocument/2006/relationships/printerSettings
19:31:22.109  [main] DEBUG com.swagLabs.utilities.XLUtility - Cell data retrieved: standard_user
19:31:22.109  [main] INFO  com.swagLabs.utilities.XLUtility - Fetching cell data from sheet: Credentials, row: 1, column: 1
19:31:22.123  [main] DEBUG org.apache.poi.openxml4j.opc.PackageRelationshipCollection - Parsing relationship: /xl/_rels/workbook.xml.rels
19:31:22.128  [main] DEBUG org.apache.poi.openxml4j.opc.PackageRelationshipCollection - Parsing relationship: /xl/worksheets/_rels/sheet1.xml.rels
19:31:22.130  [main] DEBUG org.apache.poi.openxml4j.opc.PackageRelationshipCollection - Parsing relationship: /_rels/.rels
19:31:22.169  [main] DEBUG org.apache.poi.ooxml.POIXMLFactory - using default POIXMLDocumentPart for http://schemas.openxmlformats.org/officeDocument/2006/relationships/printerSettings
19:31:22.194  [main] DEBUG com.swagLabs.utilities.XLUtility - Cell data retrieved: secret_sauce
19:31:22.195  [main] INFO  com.swagLabs.utilities.XLUtility - Fetching cell data from sheet: Credentials, row: 1, column: 2
19:31:22.213  [main] DEBUG org.apache.poi.openxml4j.opc.PackageRelationshipCollection - Parsing relationship: /xl/_rels/workbook.xml.rels
19:31:22.216  [main] DEBUG org.apache.poi.openxml4j.opc.PackageRelationshipCollection - Parsing relationship: /xl/worksheets/_rels/sheet1.xml.rels
19:31:22.217  [main] DEBUG org.apache.poi.openxml4j.opc.PackageRelationshipCollection - Parsing relationship: /_rels/.rels
19:31:22.237  [main] DEBUG org.apache.poi.ooxml.POIXMLFactory - using default POIXMLDocumentPart for http://schemas.openxmlformats.org/officeDocument/2006/relationships/printerSettings
19:31:22.254  [main] DEBUG com.swagLabs.utilities.XLUtility - Cell data retrieved: pass
19:31:22.255  [main] INFO  com.swagLabs.utilities.XLUtility - Fetching cell data from sheet: Credentials, row: 2, column: 0
19:31:22.267  [main] DEBUG org.apache.poi.openxml4j.opc.PackageRelationshipCollection - Parsing relationship: /xl/_rels/workbook.xml.rels
19:31:22.268  [main] DEBUG org.apache.poi.openxml4j.opc.PackageRelationshipCollection - Parsing relationship: /xl/worksheets/_rels/sheet1.xml.rels
19:31:22.269  [main] DEBUG org.apache.poi.openxml4j.opc.PackageRelationshipCollection - Parsing relationship: /_rels/.rels
19:31:22.304  [main] DEBUG org.apache.poi.ooxml.POIXMLFactory - using default POIXMLDocumentPart for http://schemas.openxmlformats.org/officeDocument/2006/relationships/printerSettings
19:31:22.325  [main] DEBUG com.swagLabs.utilities.XLUtility - Cell data retrieved: locked_out_user
19:31:22.325  [main] INFO  com.swagLabs.utilities.XLUtility - Fetching cell data from sheet: Credentials, row: 2, column: 1
19:31:22.351  [main] DEBUG org.apache.poi.openxml4j.opc.PackageRelationshipCollection - Parsing relationship: /xl/_rels/workbook.xml.rels
19:31:22.353  [main] DEBUG org.apache.poi.openxml4j.opc.PackageRelationshipCollection - Parsing relationship: /xl/worksheets/_rels/sheet1.xml.rels
19:31:22.354  [main] DEBUG org.apache.poi.openxml4j.opc.PackageRelationshipCollection - Parsing relationship: /_rels/.rels
19:31:22.379  [main] DEBUG org.apache.poi.ooxml.POIXMLFactory - using default POIXMLDocumentPart for http://schemas.openxmlformats.org/officeDocument/2006/relationships/printerSettings
19:31:22.399  [main] DEBUG com.swagLabs.utilities.XLUtility - Cell data retrieved: secret_sauce
19:31:22.399  [main] INFO  com.swagLabs.utilities.XLUtility - Fetching cell data from sheet: Credentials, row: 2, column: 2
19:31:22.411  [main] DEBUG org.apache.poi.openxml4j.opc.PackageRelationshipCollection - Parsing relationship: /xl/_rels/workbook.xml.rels
19:31:22.412  [main] DEBUG org.apache.poi.openxml4j.opc.PackageRelationshipCollection - Parsing relationship: /xl/worksheets/_rels/sheet1.xml.rels
19:31:22.415  [main] DEBUG org.apache.poi.openxml4j.opc.PackageRelationshipCollection - Parsing relationship: /_rels/.rels
19:31:22.433  [main] DEBUG org.apache.poi.ooxml.POIXMLFactory - using default POIXMLDocumentPart for http://schemas.openxmlformats.org/officeDocument/2006/relationships/printerSettings
19:31:22.452  [main] DEBUG com.swagLabs.utilities.XLUtility - Cell data retrieved: pass
19:31:22.453  [main] INFO  com.swagLabs.utilities.XLUtility - Fetching cell data from sheet: Credentials, row: 3, column: 0
19:31:22.466  [main] DEBUG org.apache.poi.openxml4j.opc.PackageRelationshipCollection - Parsing relationship: /xl/_rels/workbook.xml.rels
19:31:22.468  [main] DEBUG org.apache.poi.openxml4j.opc.PackageRelationshipCollection - Parsing relationship: /xl/worksheets/_rels/sheet1.xml.rels
19:31:22.469  [main] DEBUG org.apache.poi.openxml4j.opc.PackageRelationshipCollection - Parsing relationship: /_rels/.rels
19:31:22.482  [main] DEBUG org.apache.poi.ooxml.POIXMLFactory - using default POIXMLDocumentPart for http://schemas.openxmlformats.org/officeDocument/2006/relationships/printerSettings
19:31:22.496  [main] DEBUG com.swagLabs.utilities.XLUtility - Cell data retrieved: problem_user
19:31:22.496  [main] INFO  com.swagLabs.utilities.XLUtility - Fetching cell data from sheet: Credentials, row: 3, column: 1
19:31:22.519  [main] DEBUG org.apache.poi.openxml4j.opc.PackageRelationshipCollection - Parsing relationship: /xl/_rels/workbook.xml.rels
19:31:22.521  [main] DEBUG org.apache.poi.openxml4j.opc.PackageRelationshipCollection - Parsing relationship: /xl/worksheets/_rels/sheet1.xml.rels
19:31:22.522  [main] DEBUG org.apache.poi.openxml4j.opc.PackageRelationshipCollection - Parsing relationship: /_rels/.rels
19:31:22.542  [main] DEBUG org.apache.poi.ooxml.POIXMLFactory - using default POIXMLDocumentPart for http://schemas.openxmlformats.org/officeDocument/2006/relationships/printerSettings
19:31:22.558  [main] DEBUG com.swagLabs.utilities.XLUtility - Cell data retrieved: secret_sauce
19:31:22.558  [main] INFO  com.swagLabs.utilities.XLUtility - Fetching cell data from sheet: Credentials, row: 3, column: 2
19:31:22.569  [main] DEBUG org.apache.poi.openxml4j.opc.PackageRelationshipCollection - Parsing relationship: /xl/_rels/workbook.xml.rels
19:31:22.570  [main] DEBUG org.apache.poi.openxml4j.opc.PackageRelationshipCollection - Parsing relationship: /xl/worksheets/_rels/sheet1.xml.rels
19:31:22.572  [main] DEBUG org.apache.poi.openxml4j.opc.PackageRelationshipCollection - Parsing relationship: /_rels/.rels
19:31:22.587  [main] DEBUG org.apache.poi.ooxml.POIXMLFactory - using default POIXMLDocumentPart for http://schemas.openxmlformats.org/officeDocument/2006/relationships/printerSettings
19:31:22.605  [main] DEBUG com.swagLabs.utilities.XLUtility - Cell data retrieved: pass
19:31:22.605  [main] INFO  com.swagLabs.utilities.XLUtility - Fetching cell data from sheet: Credentials, row: 4, column: 0
19:31:22.616  [main] DEBUG org.apache.poi.openxml4j.opc.PackageRelationshipCollection - Parsing relationship: /xl/_rels/workbook.xml.rels
19:31:22.617  [main] DEBUG org.apache.poi.openxml4j.opc.PackageRelationshipCollection - Parsing relationship: /xl/worksheets/_rels/sheet1.xml.rels
19:31:22.619  [main] DEBUG org.apache.poi.openxml4j.opc.PackageRelationshipCollection - Parsing relationship: /_rels/.rels
19:31:22.634  [main] DEBUG org.apache.poi.ooxml.POIXMLFactory - using default POIXMLDocumentPart for http://schemas.openxmlformats.org/officeDocument/2006/relationships/printerSettings
19:31:22.645  [main] DEBUG com.swagLabs.utilities.XLUtility - Cell data retrieved: performance_glitch_user
19:31:22.645  [main] INFO  com.swagLabs.utilities.XLUtility - Fetching cell data from sheet: Credentials, row: 4, column: 1
19:31:22.655  [main] DEBUG org.apache.poi.openxml4j.opc.PackageRelationshipCollection - Parsing relationship: /xl/_rels/workbook.xml.rels
19:31:22.656  [main] DEBUG org.apache.poi.openxml4j.opc.PackageRelationshipCollection - Parsing relationship: /xl/worksheets/_rels/sheet1.xml.rels
19:31:22.657  [main] DEBUG org.apache.poi.openxml4j.opc.PackageRelationshipCollection - Parsing relationship: /_rels/.rels
19:31:22.671  [main] DEBUG org.apache.poi.ooxml.POIXMLFactory - using default POIXMLDocumentPart for http://schemas.openxmlformats.org/officeDocument/2006/relationships/printerSettings
19:31:22.686  [main] DEBUG com.swagLabs.utilities.XLUtility - Cell data retrieved: secret_sauce
19:31:22.686  [main] INFO  com.swagLabs.utilities.XLUtility - Fetching cell data from sheet: Credentials, row: 4, column: 2
19:31:22.694  [main] DEBUG org.apache.poi.openxml4j.opc.PackageRelationshipCollection - Parsing relationship: /xl/_rels/workbook.xml.rels
19:31:22.696  [main] DEBUG org.apache.poi.openxml4j.opc.PackageRelationshipCollection - Parsing relationship: /xl/worksheets/_rels/sheet1.xml.rels
19:31:22.699  [main] DEBUG org.apache.poi.openxml4j.opc.PackageRelationshipCollection - Parsing relationship: /_rels/.rels
19:31:22.708  [main] DEBUG org.apache.poi.ooxml.POIXMLFactory - using default POIXMLDocumentPart for http://schemas.openxmlformats.org/officeDocument/2006/relationships/printerSettings
19:31:22.723  [main] DEBUG com.swagLabs.utilities.XLUtility - Cell data retrieved: pass
19:31:22.789  [main] DEBUG io.github.bonigarcia.wdm.WebDriverManager - Using WebDriverManager 5.9.2
19:31:23.315  [main] DEBUG io.github.bonigarcia.wdm.cache.ResolutionCache - Removing resolution chrome=131 from cache (expired on 2025-01-12T00:07:45.000+0530)
19:31:23.353  [main] DEBUG org.apache.hc.client5.http.impl.classic.InternalHttpClient - ex-0000000001 preparing request execution
19:31:23.373  [main] DEBUG org.apache.hc.client5.http.impl.classic.ProtocolExec - ex-0000000001 target auth state: UNCHALLENGED
19:31:23.374  [main] DEBUG org.apache.hc.client5.http.impl.classic.ProtocolExec - ex-0000000001 proxy auth state: UNCHALLENGED
19:31:23.375  [main] DEBUG org.apache.hc.client5.http.impl.classic.ConnectExec - ex-0000000001 acquiring connection with route {s}->https://raw.githubusercontent.com:443
19:31:23.375  [main] DEBUG org.apache.hc.client5.http.impl.classic.InternalHttpClient - ex-0000000001 acquiring endpoint (3 MINUTES)
19:31:23.377  [main] DEBUG org.apache.hc.client5.http.impl.io.PoolingHttpClientConnectionManager - ex-0000000001 endpoint lease request (3 MINUTES) [route: {s}->https://raw.githubusercontent.com:443][total available: 0; route allocated: 0 of 5; total allocated: 0 of 25]
19:31:23.384  [main] DEBUG org.apache.hc.client5.http.impl.io.PoolingHttpClientConnectionManager - ex-0000000001 endpoint leased [route: {s}->https://raw.githubusercontent.com:443][total available: 0; route allocated: 1 of 5; total allocated: 1 of 25]
19:31:23.409  [main] DEBUG org.apache.hc.client5.http.impl.io.PoolingHttpClientConnectionManager - ex-0000000001 acquired ep-0000000001
19:31:23.409  [main] DEBUG org.apache.hc.client5.http.impl.classic.InternalHttpClient - ex-0000000001 acquired endpoint ep-0000000001
19:31:23.409  [main] DEBUG org.apache.hc.client5.http.impl.classic.ConnectExec - ex-0000000001 opening connection {s}->https://raw.githubusercontent.com:443
19:31:23.411  [main] DEBUG org.apache.hc.client5.http.impl.classic.InternalHttpClient - ep-0000000001 connecting endpoint (null)
19:31:23.418  [main] DEBUG org.apache.hc.client5.http.impl.io.PoolingHttpClientConnectionManager - ep-0000000001 connecting endpoint to https://raw.githubusercontent.com:443 (30 SECONDS)
19:31:23.418  [main] DEBUG org.apache.hc.client5.http.impl.io.DefaultHttpClientConnectionOperator - raw.githubusercontent.com resolving remote address
19:31:23.530  [main] DEBUG org.apache.hc.client5.http.impl.io.DefaultHttpClientConnectionOperator - raw.githubusercontent.com resolved to [raw.githubusercontent.com/185.199.108.133, raw.githubusercontent.com/185.199.109.133, raw.githubusercontent.com/185.199.110.133, raw.githubusercontent.com/185.199.111.133, raw.githubusercontent.com/2606:50c0:8000:0:0:0:0:154, raw.githubusercontent.com/2606:50c0:8001:0:0:0:0:154, raw.githubusercontent.com/2606:50c0:8002:0:0:0:0:154, raw.githubusercontent.com/2606:50c0:8003:0:0:0:0:154]
19:31:23.532  [main] DEBUG org.apache.hc.client5.http.impl.io.DefaultHttpClientConnectionOperator - raw.githubusercontent.com:443 connecting null->raw.githubusercontent.com/185.199.108.133:443 (30 SECONDS)
19:31:23.533  [main] DEBUG org.apache.hc.client5.http.ssl.SSLConnectionSocketFactory - Connecting socket to raw.githubusercontent.com/185.199.108.133:443 with timeout 30 SECONDS
19:31:23.696  [main] DEBUG org.apache.hc.client5.http.ssl.SSLConnectionSocketFactory - Enabled protocols: [TLSv1.3, TLSv1.2]
19:31:23.697  [main] DEBUG org.apache.hc.client5.http.ssl.SSLConnectionSocketFactory - Enabled cipher suites: [TLS_AES_256_GCM_SHA384, TLS_AES_128_GCM_SHA256, TLS_CHACHA20_POLY1305_SHA256, TLS_ECDHE_ECDSA_WITH_AES_256_GCM_SHA384, TLS_ECDHE_ECDSA_WITH_AES_128_GCM_SHA256, TLS_ECDHE_ECDSA_WITH_CHACHA20_POLY1305_SHA256, TLS_ECDHE_RSA_WITH_AES_256_GCM_SHA384, TLS_ECDHE_RSA_WITH_CHACHA20_POLY1305_SHA256, TLS_ECDHE_RSA_WITH_AES_128_GCM_SHA256, TLS_DHE_RSA_WITH_AES_256_GCM_SHA384, TLS_DHE_RSA_WITH_CHACHA20_POLY1305_SHA256, TLS_DHE_DSS_WITH_AES_256_GCM_SHA384, TLS_DHE_RSA_WITH_AES_128_GCM_SHA256, TLS_DHE_DSS_WITH_AES_128_GCM_SHA256, TLS_ECDHE_ECDSA_WITH_AES_256_CBC_SHA384, TLS_ECDHE_RSA_WITH_AES_256_CBC_SHA384, TLS_ECDHE_ECDSA_WITH_AES_128_CBC_SHA256, TLS_ECDHE_RSA_WITH_AES_128_CBC_SHA256, TLS_DHE_RSA_WITH_AES_256_CBC_SHA256, TLS_DHE_DSS_WITH_AES_256_CBC_SHA256, TLS_DHE_RSA_WITH_AES_128_CBC_SHA256, TLS_DHE_DSS_WITH_AES_128_CBC_SHA256, TLS_ECDH_ECDSA_WITH_AES_256_GCM_SHA384, TLS_ECDH_RSA_WITH_AES_256_GCM_SHA384, TLS_ECDH_ECDSA_WITH_AES_128_GCM_SHA256, TLS_ECDH_RSA_WITH_AES_128_GCM_SHA256, TLS_ECDH_ECDSA_WITH_AES_256_CBC_SHA384, TLS_ECDH_RSA_WITH_AES_256_CBC_SHA384, TLS_ECDH_ECDSA_WITH_AES_128_CBC_SHA256, TLS_ECDH_RSA_WITH_AES_128_CBC_SHA256, TLS_ECDHE_ECDSA_WITH_AES_256_CBC_SHA, TLS_ECDHE_RSA_WITH_AES_256_CBC_SHA, TLS_ECDHE_ECDSA_WITH_AES_128_CBC_SHA, TLS_ECDHE_RSA_WITH_AES_128_CBC_SHA, TLS_DHE_RSA_WITH_AES_256_CBC_SHA, TLS_DHE_DSS_WITH_AES_256_CBC_SHA, TLS_DHE_RSA_WITH_AES_128_CBC_SHA, TLS_DHE_DSS_WITH_AES_128_CBC_SHA, TLS_ECDH_ECDSA_WITH_AES_256_CBC_SHA, TLS_ECDH_RSA_WITH_AES_256_CBC_SHA, TLS_ECDH_ECDSA_WITH_AES_128_CBC_SHA, TLS_ECDH_RSA_WITH_AES_128_CBC_SHA, TLS_RSA_WITH_AES_256_GCM_SHA384, TLS_RSA_WITH_AES_128_GCM_SHA256, TLS_RSA_WITH_AES_256_CBC_SHA256, TLS_RSA_WITH_AES_128_CBC_SHA256, TLS_RSA_WITH_AES_256_CBC_SHA, TLS_RSA_WITH_AES_128_CBC_SHA, TLS_EMPTY_RENEGOTIATION_INFO_SCSV]
19:31:23.697  [main] DEBUG org.apache.hc.client5.http.ssl.SSLConnectionSocketFactory - Starting handshake (null)
19:31:23.943  [main] DEBUG org.apache.hc.client5.http.ssl.SSLConnectionSocketFactory - Secure session established
19:31:23.944  [main] DEBUG org.apache.hc.client5.http.ssl.SSLConnectionSocketFactory -  negotiated protocol: TLSv1.3
19:31:23.944  [main] DEBUG org.apache.hc.client5.http.ssl.SSLConnectionSocketFactory -  negotiated cipher suite: TLS_AES_128_GCM_SHA256
19:31:23.947  [main] DEBUG org.apache.hc.client5.http.ssl.SSLConnectionSocketFactory -  peer principal: CN=*.github.io, O="GitHub, Inc.", L=San Francisco, ST=California, C=US
19:31:23.948  [main] DEBUG org.apache.hc.client5.http.ssl.SSLConnectionSocketFactory -  peer alternative names: [*.github.io, github.io, githubusercontent.com, www.github.com, *.github.com, *.githubusercontent.com, github.com]
19:31:23.948  [main] DEBUG org.apache.hc.client5.http.ssl.SSLConnectionSocketFactory -  issuer principal: CN=DigiCert Global G2 TLS RSA SHA256 2020 CA1, O=DigiCert Inc, C=US
19:31:23.950  [main] DEBUG org.apache.hc.client5.http.impl.io.DefaultManagedHttpClientConnection - http-outgoing-0 set socket timeout to 3 MINUTES
19:31:23.950  [main] DEBUG org.apache.hc.client5.http.impl.io.DefaultHttpClientConnectionOperator - raw.githubusercontent.com:443 connected null->raw.githubusercontent.com/185.199.108.133:443 as http-outgoing-0
19:31:23.951  [main] DEBUG org.apache.hc.client5.http.impl.io.PoolingHttpClientConnectionManager - ep-0000000001 connected http-outgoing-0
19:31:23.951  [main] DEBUG org.apache.hc.client5.http.impl.classic.InternalHttpClient - ep-0000000001 endpoint connected
19:31:23.951  [main] DEBUG org.apache.hc.client5.http.impl.classic.MainClientExec - ex-0000000001 executing GET /bonigarcia/webdrivermanager/master/src/main/resources/commands.properties HTTP/1.1
19:31:23.952  [main] DEBUG org.apache.hc.client5.http.protocol.RequestAddCookies - ex-0000000001 Cookie spec selected: strict
19:31:23.962  [main] DEBUG org.apache.hc.client5.http.impl.classic.InternalHttpClient - ep-0000000001 start execution ex-0000000001
19:31:23.962  [main] DEBUG org.apache.hc.client5.http.impl.io.PoolingHttpClientConnectionManager - ep-0000000001 executing exchange ex-0000000001 over http-outgoing-0
19:31:23.963  [main] DEBUG org.apache.hc.client5.http.headers - http-outgoing-0 >> GET /bonigarcia/webdrivermanager/master/src/main/resources/commands.properties HTTP/1.1
19:31:23.963  [main] DEBUG org.apache.hc.client5.http.headers - http-outgoing-0 >> user-agent: Apache-HttpClient/5.0
19:31:23.963  [main] DEBUG org.apache.hc.client5.http.headers - http-outgoing-0 >> accept-encoding: gzip, deflate, br
19:31:23.963  [main] DEBUG org.apache.hc.client5.http.headers - http-outgoing-0 >> cache-control: max-age=0
19:31:23.964  [main] DEBUG org.apache.hc.client5.http.headers - http-outgoing-0 >> connection: keep-alive
19:31:23.964  [main] DEBUG org.apache.hc.client5.http.headers - http-outgoing-0 >> Host: raw.githubusercontent.com
19:31:23.964  [main] DEBUG org.apache.hc.client5.http.wire - http-outgoing-0 >> "GET /bonigarcia/webdrivermanager/master/src/main/resources/commands.properties HTTP/1.1[\r][\n]"
19:31:23.964  [main] DEBUG org.apache.hc.client5.http.wire - http-outgoing-0 >> "user-agent: Apache-HttpClient/5.0[\r][\n]"
19:31:23.964  [main] DEBUG org.apache.hc.client5.http.wire - http-outgoing-0 >> "accept-encoding: gzip, deflate, br[\r][\n]"
19:31:23.964  [main] DEBUG org.apache.hc.client5.http.wire - http-outgoing-0 >> "cache-control: max-age=0[\r][\n]"
19:31:23.964  [main] DEBUG org.apache.hc.client5.http.wire - http-outgoing-0 >> "connection: keep-alive[\r][\n]"
19:31:23.964  [main] DEBUG org.apache.hc.client5.http.wire - http-outgoing-0 >> "Host: raw.githubusercontent.com[\r][\n]"
19:31:23.964  [main] DEBUG org.apache.hc.client5.http.wire - http-outgoing-0 >> "[\r][\n]"
19:31:24.076  [main] DEBUG org.apache.hc.client5.http.wire - http-outgoing-0 << "HTTP/1.1 200 OK[\r][\n]"
19:31:24.076  [main] DEBUG org.apache.hc.client5.http.wire - http-outgoing-0 << "Connection: keep-alive[\r][\n]"
19:31:24.076  [main] DEBUG org.apache.hc.client5.http.wire - http-outgoing-0 << "Content-Length: 745[\r][\n]"
19:31:24.076  [main] DEBUG org.apache.hc.client5.http.wire - http-outgoing-0 << "Cache-Control: max-age=300[\r][\n]"
19:31:24.076  [main] DEBUG org.apache.hc.client5.http.wire - http-outgoing-0 << "Content-Security-Policy: default-src 'none'; style-src 'unsafe-inline'; sandbox[\r][\n]"
19:31:24.077  [main] DEBUG org.apache.hc.client5.http.wire - http-outgoing-0 << "Content-Type: text/plain; charset=utf-8[\r][\n]"
19:31:24.077  [main] DEBUG org.apache.hc.client5.http.wire - http-outgoing-0 << "ETag: W/"dd41edff335272162022217759820159dac501cff56850e2510f504462cd9b5f"[\r][\n]"
19:31:24.077  [main] DEBUG org.apache.hc.client5.http.wire - http-outgoing-0 << "Strict-Transport-Security: max-age=31536000[\r][\n]"
19:31:24.077  [main] DEBUG org.apache.hc.client5.http.wire - http-outgoing-0 << "X-Content-Type-Options: nosniff[\r][\n]"
19:31:24.077  [main] DEBUG org.apache.hc.client5.http.wire - http-outgoing-0 << "X-Frame-Options: deny[\r][\n]"
19:31:24.077  [main] DEBUG org.apache.hc.client5.http.wire - http-outgoing-0 << "X-XSS-Protection: 1; mode=block[\r][\n]"
19:31:24.077  [main] DEBUG org.apache.hc.client5.http.wire - http-outgoing-0 << "X-GitHub-Request-Id: B606:5BFCD:10F824:17F04C:6769D644[\r][\n]"
19:31:24.077  [main] DEBUG org.apache.hc.client5.http.wire - http-outgoing-0 << "Content-Encoding: gzip[\r][\n]"
19:31:24.077  [main] DEBUG org.apache.hc.client5.http.wire - http-outgoing-0 << "Accept-Ranges: bytes[\r][\n]"
19:31:24.077  [main] DEBUG org.apache.hc.client5.http.wire - http-outgoing-0 << "Date: Sun, 12 Jan 2025 14:01:22 GMT[\r][\n]"
19:31:24.077  [main] DEBUG org.apache.hc.client5.http.wire - http-outgoing-0 << "Via: 1.1 varnish[\r][\n]"
19:31:24.077  [main] DEBUG org.apache.hc.client5.http.wire - http-outgoing-0 << "X-Served-By: cache-hyd1100026-HYD[\r][\n]"
19:31:24.078  [main] DEBUG org.apache.hc.client5.http.wire - http-outgoing-0 << "X-Cache: HIT[\r][\n]"
19:31:24.078  [main] DEBUG org.apache.hc.client5.http.wire - http-outgoing-0 << "X-Cache-Hits: 1[\r][\n]"
19:31:24.078  [main] DEBUG org.apache.hc.client5.http.wire - http-outgoing-0 << "X-Timer: S1736690483.878977,VS0,VE1[\r][\n]"
19:31:24.078  [main] DEBUG org.apache.hc.client5.http.wire - http-outgoing-0 << "Vary: Authorization,Accept-Encoding,Origin[\r][\n]"
19:31:24.078  [main] DEBUG org.apache.hc.client5.http.wire - http-outgoing-0 << "Access-Control-Allow-Origin: *[\r][\n]"
19:31:24.078  [main] DEBUG org.apache.hc.client5.http.wire - http-outgoing-0 << "Cross-Origin-Resource-Policy: cross-origin[\r][\n]"
19:31:24.078  [main] DEBUG org.apache.hc.client5.http.wire - http-outgoing-0 << "X-Fastly-Request-ID: 47a43e049a3d829cc847651afc84bff9bf6efd7c[\r][\n]"
19:31:24.078  [main] DEBUG org.apache.hc.client5.http.wire - http-outgoing-0 << "Expires: Sun, 12 Jan 2025 14:06:22 GMT[\r][\n]"
19:31:24.078  [main] DEBUG org.apache.hc.client5.http.wire - http-outgoing-0 << "Source-Age: 161[\r][\n]"
19:31:24.078  [main] DEBUG org.apache.hc.client5.http.wire - http-outgoing-0 << "[\r][\n]"
19:31:24.082  [main] DEBUG org.apache.hc.client5.http.headers - http-outgoing-0 << HTTP/1.1 200 OK
19:31:24.082  [main] DEBUG org.apache.hc.client5.http.headers - http-outgoing-0 << Connection: keep-alive
19:31:24.082  [main] DEBUG org.apache.hc.client5.http.headers - http-outgoing-0 << Content-Length: 745
19:31:24.082  [main] DEBUG org.apache.hc.client5.http.headers - http-outgoing-0 << Cache-Control: max-age=300
19:31:24.082  [main] DEBUG org.apache.hc.client5.http.headers - http-outgoing-0 << Content-Security-Policy: default-src 'none'; style-src 'unsafe-inline'; sandbox
19:31:24.082  [main] DEBUG org.apache.hc.client5.http.headers - http-outgoing-0 << Content-Type: text/plain; charset=utf-8
19:31:24.082  [main] DEBUG org.apache.hc.client5.http.headers - http-outgoing-0 << ETag: W/"dd41edff335272162022217759820159dac501cff56850e2510f504462cd9b5f"
19:31:24.082  [main] DEBUG org.apache.hc.client5.http.headers - http-outgoing-0 << Strict-Transport-Security: max-age=31536000
19:31:24.082  [main] DEBUG org.apache.hc.client5.http.headers - http-outgoing-0 << X-Content-Type-Options: nosniff
19:31:24.082  [main] DEBUG org.apache.hc.client5.http.headers - http-outgoing-0 << X-Frame-Options: deny
19:31:24.082  [main] DEBUG org.apache.hc.client5.http.headers - http-outgoing-0 << X-XSS-Protection: 1; mode=block
19:31:24.083  [main] DEBUG org.apache.hc.client5.http.headers - http-outgoing-0 << X-GitHub-Request-Id: B606:5BFCD:10F824:17F04C:6769D644
19:31:24.083  [main] DEBUG org.apache.hc.client5.http.headers - http-outgoing-0 << Content-Encoding: gzip
19:31:24.083  [main] DEBUG org.apache.hc.client5.http.headers - http-outgoing-0 << Accept-Ranges: bytes
19:31:24.083  [main] DEBUG org.apache.hc.client5.http.headers - http-outgoing-0 << Date: Sun, 12 Jan 2025 14:01:22 GMT
19:31:24.083  [main] DEBUG org.apache.hc.client5.http.headers - http-outgoing-0 << Via: 1.1 varnish
19:31:24.083  [main] DEBUG org.apache.hc.client5.http.headers - http-outgoing-0 << X-Served-By: cache-hyd1100026-HYD
19:31:24.083  [main] DEBUG org.apache.hc.client5.http.headers - http-outgoing-0 << X-Cache: HIT
19:31:24.083  [main] DEBUG org.apache.hc.client5.http.headers - http-outgoing-0 << X-Cache-Hits: 1
19:31:24.083  [main] DEBUG org.apache.hc.client5.http.headers - http-outgoing-0 << X-Timer: S1736690483.878977,VS0,VE1
19:31:24.083  [main] DEBUG org.apache.hc.client5.http.headers - http-outgoing-0 << Vary: Authorization,Accept-Encoding,Origin
19:31:24.083  [main] DEBUG org.apache.hc.client5.http.headers - http-outgoing-0 << Access-Control-Allow-Origin: *
19:31:24.083  [main] DEBUG org.apache.hc.client5.http.headers - http-outgoing-0 << Cross-Origin-Resource-Policy: cross-origin
19:31:24.083  [main] DEBUG org.apache.hc.client5.http.headers - http-outgoing-0 << X-Fastly-Request-ID: 47a43e049a3d829cc847651afc84bff9bf6efd7c
19:31:24.083  [main] DEBUG org.apache.hc.client5.http.headers - http-outgoing-0 << Expires: Sun, 12 Jan 2025 14:06:22 GMT
19:31:24.083  [main] DEBUG org.apache.hc.client5.http.headers - http-outgoing-0 << Source-Age: 161
19:31:24.087  [main] DEBUG org.apache.hc.client5.http.impl.classic.MainClientExec - ex-0000000001 connection can be kept alive for 3 MINUTES
19:31:24.092  [main] DEBUG org.apache.hc.client5.http.wire - http-outgoing-0 << "[0x1f][0xffffff8b][0x8][0x0][0x0][0x0][0x0][0x0][0x0][0x3][0xffffffb5]W]o[0xffffffda]0[0x14]}[0xffffffe7]W\QUj% [0x1b][0xffffffad][0xffffffa6]i[0x12][0xf]4c[0xffffffdd]4*[0x18][0xffffffb4][0xffffffdd]&[0xfffffff9][0xffffffc5]$N[0xffffffb0][0xffffff94][0xffffffd8][0xffffffc8]NJ[0xffffffb7]_?[0xffffffdb][0xfffffff9]X[0xffffff92]:[0xffffffa3]k[0xffffffe8][0x1b][0xffffffb6][0xffffffef]=[0xffffffe7][0xffffffd8][0xfffffff7][0xffffffe4][0xffffffda][0xffffff9c][0xffffff80][0xffffffcb][0xffffffe3][0x18]3_[0xffffff82][0xffffff8f][0x13][0xffffffbc][0xffffffc1][0xffffff92][0xfffffff4]N[0xffffffe0]vK%[0x4]4"[0xffffffe0]q[0xffffff96]`[0xffffffca]$$[=[0xffffffc8]C[0x13][0xe][0x1b][0x2][0xffffffe4][0xffffff91]xiB|[0xffffffa0][0xffffffcc],[0xffffffcb]-[0xffffff89]"=[0xffffffe0][0xffffffc2]'B[0x7][0xfffffff9]$!^b[0x16][0x1f][0xffffff88][0xffffff90][0xffffff94][0xffffffab][0xffffffb5][0x0][0xffffff88][0xfffffffa][0x1d][\n]"
19:31:24.093  [main] DEBUG org.apache.hc.client5.http.wire - http-outgoing-0 << "B[0x18]l[0x4][0xffffffdf]K[0xffffffb5][0xffffffa0]([0xffffffcf][0xffffffdc][0xffffffad][0xffffffe0]1[0x19][0xffffffc0]'*H[0xffffffc0][0x1f][0x7][0xffffffb0][0xffffffd8][0x11][0xffffff81][0x7]0[0xfffffff3]C5kVi[0x1a][0xffffff9f]k|[0xffffff9f][0x6][0x1][0x11][0xffffff84]%[0xffffffc0]uLBY[0x8][0xfffffff2][0xffffff97]LH,[0xffffffe1][0xffffffec];e[0xffffffbe]B[0x1d][0xffffffc0][0xffffff9c][0xffffffb2]T[0xffffffc1][0xffffffdc]`[0xf][0x16][0xffffffeb][0xfffffff3][0xffffff9e][0xffffffe2][0xffffffc8](z[0xfffffff9]6F[0xffffff9e][0x19][0xffffff8e][0xfffffff6]Y[0xffffffc2][0xffffffe8][0xffffffcd][0xffffffdb][0xffffff89][0x17][0xfffffffb]#[0xffffffb5]+p\[0xffffffd8][0xffffffc7][0xffffffd4]3Gb[0xffffff8e]a[0xffffffbf]U|[0xffffffc0]pL&[0xfffffffd][0xffffffd3][0xffffffe5]jq[0xffffffbd][0xffffff9a][0xffffffde]|[0xfffffffa]2[0xffffff9f][0xffffffad]?[0xffffffa0][0x9]B[0xffffffa7][0x8]]s[0x1e]F[0x4][0xffffffa1][0xffffff8c][0x2][0xffffffa1][0xffffffe9]n[0x17]QOI[0xffffffe3][0xc][0xffffffa1][0xffffff9c]H![0xfffffff7]!$[0x9][0xffffffdc][0xffffffe7]g[0xffffffe1]<[0xffffffe0](m[0xffffffd7]3~[0xffffff81][0xffffff9e][0xffffffb3][0x1f][0xffffffef][0xffffffdf][0xffffff9d][0xffffffbf][0xffffffa6][0xffffffa8][0xffffff8b]g[0xffffff8a][0xffffff9a]/[0xffffffdc][0xffffffe9]|[0xffffffba]\~[0xffffff9c][0xffffffde]N_S[0xffffffcf][0xffffffe5]d5[0xffffffbb][0xffffff86]ow[0xffffffb3][0xffffffd5]O[0xfffffff8][0xfffffffc][0xffffffd5][0xffffffbd]Ck[0x1e]${,H[0xffffffc1][0xffffff96][0xffffff93]][0xffffffcd][0xffffffaf][0x8][0xfffffff6][0xc]^[0xffffffe1][0xffffffc5]^[0x13]4[0xffffffd2][0xffffff8e][0xffffffd1]>pR)[0xffffff9c][\r]eNh0[0xffffff86][0xffffffd9]:[0xc][0xffffff87]E[0xffffffa6]=q<i[0xffffff8b]o&[0xffffffc4][0xffffffd8]3<[0xffffff95][0x13][0xffffff90]N&8w[0xffffffe9][0x8][0xffffffef]v[0xffffff8e][0xffffffab][0xffffffbe]>es[0xffffffe9]([0x13]/[0xffffffd6][0xfffffff5][0xffffff80]*[0xffffffba][0xfffffff2]v[0xfffffffe][0xffffffd9][0xffffff94]DA6>[0xffffff8e][0xffffffbb]o[0xfffffff8]o[0x1a]E[0xffffffb8] A[0xffffffa8]@?T[0xffffffad]'*:{[0xfffffffa]xR.*[0xffffffce][0xffffffe9][0xffffffd7][0xffffffad][0xffffff93][0xffffff93]4[0xffffffc9][0xfffffffa][0xffffffda]<n*t[0xffffffeb][0xffffffb9]oV[0xffffffb6][0xffffffc0]/M[0xffffff94]O[0xffffffc0][0xfffffff0][0xffffffe1]i[0xffffff90][0xffffffb5][0xfffffffe]9[0xffffff8b][0xffffffad][0xfffffff2]U,Ul[0xffffffdd][0x13]KL[0xffffffa2][0x6][0xffffffdd][0xffffffca]\?`[0xffffffea][0x9].[0xffffffd5]I [0xffffffa4]i[0x1a]_i,[\r][0xffffffdd][0xffffffa1][0xffffffc3][0xffffffae]kzI[0xffffffd1]_Q[0xffffffce]Ek[0xffffffcb][0xfffffff8]Kf[0xffffffb8][0xfffffffe][0xffffffd9]3[0xc][0xffffffe6][0xffffffd3][0xffffff8e][0x11][0x17][0x10]C[0x1d]`i[0x19][0xffffffd5][0xffffffbc][0xfffffff1][0xffffffa4]5[0xffffffbc][0x1e]o[0xfffffff5]K[0xffffffa9][0xffffffd6][0xfffffff8][0xffffffc1]f[0xffffff9b]z[0x4][0xffffffd4][0x1a][0xffffff86][0xffffffb9]^K[0x16]s[0xffffff91][0xfffffffe][0xffffffbf][0xffffff8b]l]~)x(p,[0x11]2[0x14][0x8]E8e[0xffffff9e][0xffffffca]:X[0xffffffa6][0xffffff86][0xffffff88].[0xffffffb6]9[0xffffff9a][0xffffff88].[0xfffffff7]]G[0xffffffea][0xffffffcb][0xe][0xfffffffb][0x7f].u[0xffffff83][0xffffffbb][0xfffffff4][0xffffffb3][0x19][0xffffffda][0xffffffec][0xffffff98][0xffffffc5]Y[0xfffffffd]h8m6\4[0xffffffc1][0xffffff8a][0xffffffb7][0xffffff98]z[0xffffffd0][0xffffffd5]oF5q[0x1c][0x13][0x16][0xfffffff0][0x1d][0x1e][0x19]5-[0xffffff9d][0xffffffef][0xffffffad]c[0xb]z[0xffffffae]/m[0xffffffe6]8[0xffffffb6][0xffffff96][0xfffffff6]7X[0xffffffc9]t[0xfffffff8][0xfffffff9][0xffffffa5][0x11]K[0xfffffffb][0x15]3[0xffffffc3][0xfffffffc][0x1f]B[0xffffffdb][0xffffffd3][0xffffffab][0xffffff92]4.[0xffffff93]Z[0xffffffdf]]:[0xffffffda][0xffffffea][0xffffffdc]B[0xffffffa6][0xffffffcd][0xffffffbc][0xffffffae][0x5][0xfffffff5][0x4][0xffffffd6]8[0xffffffc0][0xffffff82][0xffffff96][0xfffffff0][0xffffffd2][0xc][0xffffffed][0xffffffe0]Y[0xffffffa8][\r]:[[0xffffffa9][0x0][0xffffffff][0x1][0xfffffff8][0x15][0xffffffb4][0xffffffee][0xffffff8e][\r][0x0][0x0]"
19:31:24.094  [main] DEBUG org.apache.hc.client5.http.impl.classic.InternalHttpClient - ep-0000000001 releasing valid endpoint
19:31:24.094  [main] DEBUG org.apache.hc.client5.http.impl.io.PoolingHttpClientConnectionManager - ep-0000000001 releasing endpoint
19:31:24.094  [main] DEBUG org.apache.hc.client5.http.impl.io.PoolingHttpClientConnectionManager - ep-0000000001 connection http-outgoing-0 can be kept alive for 3 MINUTES
19:31:24.095  [main] DEBUG org.apache.hc.client5.http.impl.io.PoolingHttpClientConnectionManager - ep-0000000001 connection released [route: {s}->https://raw.githubusercontent.com:443][total available: 1; route allocated: 1 of 5; total allocated: 1 of 25]
19:31:24.095  [main] DEBUG io.github.bonigarcia.wdm.versions.VersionDetector - Detecting chrome version using online commands.properties
19:31:24.099  [main] DEBUG io.github.bonigarcia.wdm.versions.Shell - Running command on the shell: [cmd.exe, /C, wmic, datafile, where, name="%PROGRAMFILES:\=\\%\\Google\\Chrome\\Application\\chrome.exe", get, Version, /value]
19:31:24.341  [main] DEBUG io.github.bonigarcia.wdm.versions.Shell - Result: Version=131.0.6778.265
19:31:24.344  [main] DEBUG io.github.bonigarcia.wdm.cache.ResolutionCache - Resolution chrome131=131.0.6778.264 in cache (valid until 23:07:45 12/01/2025 IST)
19:31:24.345  [main] INFO  io.github.bonigarcia.wdm.WebDriverManager - Using chromedriver 131.0.6778.264 (resolved driver for Chrome 131)
19:31:24.348  [main] DEBUG io.github.bonigarcia.wdm.cache.ResolutionCache - Storing resolution chrome=131 in cache (valid until 20:31:24 12/01/2025 IST)
19:31:24.391  [main] DEBUG io.github.bonigarcia.wdm.WebDriverManager - Driver chromedriver 131.0.6778.264 found in cache
19:31:24.392  [main] INFO  io.github.bonigarcia.wdm.WebDriverManager - Exporting webdriver.chrome.driver as C:\Users\Admin\.cache\selenium\chromedriver\win64\131.0.6778.264\chromedriver.exe
19:31:31.559  [main] INFO  com.swagLabs.utilities.LogUtils - [Thread: 1] ********************************************************
19:31:31.559  [main] INFO  com.swagLabs.utilities.LogUtils - [Thread: 1] ****** <<<<<Starting checkLoginFunctionality>>>>> ******
19:31:31.559  [main] INFO  com.swagLabs.utilities.LogUtils - [Thread: 1] Opened login page.
19:31:31.929  [main] INFO  com.swagLabs.utilities.LogUtils - [Thread: 1] Element is clickable: [[ChromeDriver: chrome on windows (59b50a0899e3baaffa7d82c6a9d2facb)] -> xpath: //input[@data-test='username']]
19:31:32.192  [main] INFO  com.swagLabs.utilities.LogUtils - [Thread: 1] Entered '{}' into element: {}standard_user[[ChromeDriver: chrome on windows (59b50a0899e3baaffa7d82c6a9d2facb)] -> xpath: //input[@data-test='username']]
19:31:32.262  [main] INFO  com.swagLabs.utilities.LogUtils - [Thread: 1] Element is clickable: [[ChromeDriver: chrome on windows (59b50a0899e3baaffa7d82c6a9d2facb)] -> xpath: //input[@data-test='password']]
19:31:32.441  [main] INFO  com.swagLabs.utilities.LogUtils - [Thread: 1] Entered '{}' into element: {}secret_sauce[[ChromeDriver: chrome on windows (59b50a0899e3baaffa7d82c6a9d2facb)] -> xpath: //input[@data-test='password']]
19:31:32.442  [main] INFO  com.swagLabs.utilities.LogUtils - [Thread: 1] Entered username and password.
19:31:32.630  [main] INFO  com.swagLabs.utilities.LogUtils - [Thread: 1] Element is clickable: [[ChromeDriver: chrome on windows (59b50a0899e3baaffa7d82c6a9d2facb)] -> xpath: //input[@data-test='login-button']]
19:31:37.927  [main] INFO  com.swagLabs.utilities.LogUtils - [Thread: 1] Clicked successfully: Proxy element for: DefaultElementLocator 'By.xpath: //input[@data-test='login-button']'
19:31:40.937  [main] INFO  com.swagLabs.utilities.LogUtils - [Thread: 1] Logged in Successfully!
19:31:41.093  [main] INFO  com.swagLabs.utilities.LogUtils - [Thread: 1] Validating login result. Expected Outcome: pass, Actual URL: https://www.saucedemo.com/inventory.html, Expected URL: https://www.saucedemo.com/inventory.html
19:31:41.094  [main] INFO  com.swagLabs.utilities.LogUtils - [Thread: 1] Expected URL 'https://www.saucedemo.com/inventory.html' does not match Actual URL 'https://www.saucedemo.com/inventory.html' for 'pass' condition.
19:31:41.097  [main] INFO  com.swagLabs.utilities.LogUtils - [Thread: 1] Validation completed successfully for result: pass
19:31:41.097  [main] INFO  com.swagLabs.utilities.LogUtils - [Thread: 1] ***** Finished checkLoginFunctionality *****
19:31:41.098  [main] INFO  com.swagLabs.utilities.LogUtils - [Thread: 1] *********************************************
19:31:41.619  [main] DEBUG io.github.bonigarcia.wdm.WebDriverManager - Using WebDriverManager 5.9.2
19:31:41.639  [main] DEBUG io.github.bonigarcia.wdm.cache.ResolutionCache - Resolution chrome=131 in cache (valid until 20:31:24 12/01/2025 IST)
19:31:41.640  [main] DEBUG io.github.bonigarcia.wdm.cache.ResolutionCache - Resolution chrome131=131.0.6778.264 in cache (valid until 23:07:45 12/01/2025 IST)
19:31:41.640  [main] INFO  io.github.bonigarcia.wdm.WebDriverManager - Using chromedriver 131.0.6778.264 (resolved driver for Chrome 131)
19:31:41.668  [main] DEBUG io.github.bonigarcia.wdm.WebDriverManager - Driver chromedriver 131.0.6778.264 found in cache
19:31:41.669  [main] INFO  io.github.bonigarcia.wdm.WebDriverManager - Exporting webdriver.chrome.driver as C:\Users\Admin\.cache\selenium\chromedriver\win64\131.0.6778.264\chromedriver.exe
19:31:46.814  [main] INFO  com.swagLabs.utilities.LogUtils - [Thread: 1] ********************************************************
19:31:46.815  [main] INFO  com.swagLabs.utilities.LogUtils - [Thread: 1] ****** <<<<<Starting checkLoginFunctionality>>>>> ******
19:31:46.815  [main] INFO  com.swagLabs.utilities.LogUtils - [Thread: 1] Opened login page.
19:31:47.042  [main] INFO  com.swagLabs.utilities.LogUtils - [Thread: 1] Element is clickable: [[ChromeDriver: chrome on windows (a05f12ece7765a78be2d80528fa47a43)] -> xpath: //input[@data-test='username']]
19:31:47.363  [main] INFO  com.swagLabs.utilities.LogUtils - [Thread: 1] Entered '{}' into element: {}locked_out_user[[ChromeDriver: chrome on windows (a05f12ece7765a78be2d80528fa47a43)] -> xpath: //input[@data-test='username']]
19:31:47.461  [main] INFO  com.swagLabs.utilities.LogUtils - [Thread: 1] Element is clickable: [[ChromeDriver: chrome on windows (a05f12ece7765a78be2d80528fa47a43)] -> xpath: //input[@data-test='password']]
19:31:47.626  [main] INFO  com.swagLabs.utilities.LogUtils - [Thread: 1] Entered '{}' into element: {}secret_sauce[[ChromeDriver: chrome on windows (a05f12ece7765a78be2d80528fa47a43)] -> xpath: //input[@data-test='password']]
19:31:47.626  [main] INFO  com.swagLabs.utilities.LogUtils - [Thread: 1] Entered username and password.
19:31:47.798  [main] INFO  com.swagLabs.utilities.LogUtils - [Thread: 1] Element is clickable: [[ChromeDriver: chrome on windows (a05f12ece7765a78be2d80528fa47a43)] -> xpath: //input[@data-test='login-button']]
19:31:47.938  [main] INFO  com.swagLabs.utilities.LogUtils - [Thread: 1] Clicked successfully: [[ChromeDriver: chrome on windows (a05f12ece7765a78be2d80528fa47a43)] -> xpath: //input[@data-test='login-button']]
19:31:50.952  [main] INFO  com.swagLabs.utilities.LogUtils - [Thread: 1] Logged in Successfully!
19:31:51.069  [main] INFO  com.swagLabs.utilities.LogUtils - [Thread: 1] Validating login result. Expected Outcome: pass, Actual URL: https://www.saucedemo.com/, Expected URL: https://www.saucedemo.com/inventory.html
19:31:51.069  [main] INFO  com.swagLabs.utilities.LogUtils - [Thread: 1] Expected URL 'https://www.saucedemo.com/inventory.html' does not match Actual URL 'https://www.saucedemo.com/' for 'pass' condition.
19:31:51.080  [main] ERROR com.swagLabs.utilities.LogUtils - [Thread: 1] Assertion failure during test execution. AssertionError: Expected URL 'https://www.saucedemo.com/inventory.html' does not match Actual URL 'https://www.saucedemo.com/' for 'pass' condition. expected [https://www.saucedemo.com/inventory.html] but found [https://www.saucedemo.com/]
19:31:51.080  [main] INFO  com.swagLabs.utilities.LogUtils - [Thread: 1] ***** Finished checkLoginFunctionality *****
19:31:51.080  [main] INFO  com.swagLabs.utilities.LogUtils - [Thread: 1] *********************************************
19:31:51.514  [main] DEBUG io.github.bonigarcia.wdm.WebDriverManager - Using WebDriverManager 5.9.2
19:31:51.540  [main] DEBUG io.github.bonigarcia.wdm.cache.ResolutionCache - Resolution chrome=131 in cache (valid until 20:31:24 12/01/2025 IST)
19:31:51.541  [main] DEBUG io.github.bonigarcia.wdm.cache.ResolutionCache - Resolution chrome131=131.0.6778.264 in cache (valid until 23:07:45 12/01/2025 IST)
19:31:51.541  [main] INFO  io.github.bonigarcia.wdm.WebDriverManager - Using chromedriver 131.0.6778.264 (resolved driver for Chrome 131)
19:31:51.584  [main] DEBUG io.github.bonigarcia.wdm.WebDriverManager - Driver chromedriver 131.0.6778.264 found in cache
19:31:51.586  [main] INFO  io.github.bonigarcia.wdm.WebDriverManager - Exporting webdriver.chrome.driver as C:\Users\Admin\.cache\selenium\chromedriver\win64\131.0.6778.264\chromedriver.exe
19:31:56.471  [main] INFO  com.swagLabs.utilities.LogUtils - [Thread: 1] ********************************************************
19:31:56.472  [main] INFO  com.swagLabs.utilities.LogUtils - [Thread: 1] ****** <<<<<Starting checkLoginFunctionality>>>>> ******
19:31:56.473  [main] INFO  com.swagLabs.utilities.LogUtils - [Thread: 1] Opened login page.
19:31:56.720  [main] INFO  com.swagLabs.utilities.LogUtils - [Thread: 1] Element is clickable: [[ChromeDriver: chrome on windows (0c4b5b165b30f3533b5ea629eab187f8)] -> xpath: //input[@data-test='username']]
19:31:57.018  [main] INFO  com.swagLabs.utilities.LogUtils - [Thread: 1] Entered '{}' into element: {}problem_user[[ChromeDriver: chrome on windows (0c4b5b165b30f3533b5ea629eab187f8)] -> xpath: //input[@data-test='username']]
19:31:57.107  [main] INFO  com.swagLabs.utilities.LogUtils - [Thread: 1] Element is clickable: [[ChromeDriver: chrome on windows (0c4b5b165b30f3533b5ea629eab187f8)] -> xpath: //input[@data-test='password']]
19:31:57.268  [main] INFO  com.swagLabs.utilities.LogUtils - [Thread: 1] Entered '{}' into element: {}secret_sauce[[ChromeDriver: chrome on windows (0c4b5b165b30f3533b5ea629eab187f8)] -> xpath: //input[@data-test='password']]
19:31:57.268  [main] INFO  com.swagLabs.utilities.LogUtils - [Thread: 1] Entered username and password.
19:31:57.426  [main] INFO  com.swagLabs.utilities.LogUtils - [Thread: 1] Element is clickable: [[ChromeDriver: chrome on windows (0c4b5b165b30f3533b5ea629eab187f8)] -> xpath: //input[@data-test='login-button']]
19:32:02.665  [main] INFO  com.swagLabs.utilities.LogUtils - [Thread: 1] Clicked successfully: Proxy element for: DefaultElementLocator 'By.xpath: //input[@data-test='login-button']'
19:32:05.670  [main] INFO  com.swagLabs.utilities.LogUtils - [Thread: 1] Logged in Successfully!
19:32:05.879  [main] INFO  com.swagLabs.utilities.LogUtils - [Thread: 1] Validating login result. Expected Outcome: pass, Actual URL: https://www.saucedemo.com/inventory.html, Expected URL: https://www.saucedemo.com/inventory.html
19:32:05.879  [main] INFO  com.swagLabs.utilities.LogUtils - [Thread: 1] Expected URL 'https://www.saucedemo.com/inventory.html' does not match Actual URL 'https://www.saucedemo.com/inventory.html' for 'pass' condition.
19:32:05.879  [main] INFO  com.swagLabs.utilities.LogUtils - [Thread: 1] Validation completed successfully for result: pass
19:32:05.879  [main] INFO  com.swagLabs.utilities.LogUtils - [Thread: 1] ***** Finished checkLoginFunctionality *****
19:32:05.879  [main] INFO  com.swagLabs.utilities.LogUtils - [Thread: 1] *********************************************
19:32:07.994  [main] DEBUG io.github.bonigarcia.wdm.WebDriverManager - Using WebDriverManager 5.9.2
19:32:08.018  [main] DEBUG io.github.bonigarcia.wdm.cache.ResolutionCache - Resolution chrome=131 in cache (valid until 20:31:24 12/01/2025 IST)
19:32:08.020  [main] DEBUG io.github.bonigarcia.wdm.cache.ResolutionCache - Resolution chrome131=131.0.6778.264 in cache (valid until 23:07:45 12/01/2025 IST)
19:32:08.020  [main] INFO  io.github.bonigarcia.wdm.WebDriverManager - Using chromedriver 131.0.6778.264 (resolved driver for Chrome 131)
19:32:08.046  [main] DEBUG io.github.bonigarcia.wdm.WebDriverManager - Driver chromedriver 131.0.6778.264 found in cache
19:32:08.047  [main] INFO  io.github.bonigarcia.wdm.WebDriverManager - Exporting webdriver.chrome.driver as C:\Users\Admin\.cache\selenium\chromedriver\win64\131.0.6778.264\chromedriver.exe
19:32:12.045  [main] INFO  com.swagLabs.utilities.LogUtils - [Thread: 1] ********************************************************
19:32:12.046  [main] INFO  com.swagLabs.utilities.LogUtils - [Thread: 1] ****** <<<<<Starting checkLoginFunctionality>>>>> ******
19:32:12.046  [main] INFO  com.swagLabs.utilities.LogUtils - [Thread: 1] Opened login page.
19:32:12.279  [main] INFO  com.swagLabs.utilities.LogUtils - [Thread: 1] Element is clickable: [[ChromeDriver: chrome on windows (aa11a3eab02eda85b37c850572945c17)] -> xpath: //input[@data-test='username']]
19:32:12.514  [main] INFO  com.swagLabs.utilities.LogUtils - [Thread: 1] Entered '{}' into element: {}performance_glitch_user[[ChromeDriver: chrome on windows (aa11a3eab02eda85b37c850572945c17)] -> xpath: //input[@data-test='username']]
19:32:12.591  [main] INFO  com.swagLabs.utilities.LogUtils - [Thread: 1] Element is clickable: [[ChromeDriver: chrome on windows (aa11a3eab02eda85b37c850572945c17)] -> xpath: //input[@data-test='password']]
19:32:12.756  [main] INFO  com.swagLabs.utilities.LogUtils - [Thread: 1] Entered '{}' into element: {}secret_sauce[[ChromeDriver: chrome on windows (aa11a3eab02eda85b37c850572945c17)] -> xpath: //input[@data-test='password']]
19:32:12.756  [main] INFO  com.swagLabs.utilities.LogUtils - [Thread: 1] Entered username and password.
19:32:12.917  [main] INFO  com.swagLabs.utilities.LogUtils - [Thread: 1] Element is clickable: [[ChromeDriver: chrome on windows (aa11a3eab02eda85b37c850572945c17)] -> xpath: //input[@data-test='login-button']]
19:32:23.189  [main] INFO  com.swagLabs.utilities.LogUtils - [Thread: 1] Clicked successfully: Proxy element for: DefaultElementLocator 'By.xpath: //input[@data-test='login-button']'
19:32:26.199  [main] INFO  com.swagLabs.utilities.LogUtils - [Thread: 1] Logged in Successfully!
19:32:26.342  [main] INFO  com.swagLabs.utilities.LogUtils - [Thread: 1] Validating login result. Expected Outcome: pass, Actual URL: https://www.saucedemo.com/inventory.html, Expected URL: https://www.saucedemo.com/inventory.html
19:32:26.343  [main] INFO  com.swagLabs.utilities.LogUtils - [Thread: 1] Expected URL 'https://www.saucedemo.com/inventory.html' does not match Actual URL 'https://www.saucedemo.com/inventory.html' for 'pass' condition.
19:32:26.343  [main] INFO  com.swagLabs.utilities.LogUtils - [Thread: 1] Validation completed successfully for result: pass
19:32:26.343  [main] INFO  com.swagLabs.utilities.LogUtils - [Thread: 1] ***** Finished checkLoginFunctionality *****
